<?xml version="1.0" encoding="UTF-8"?>
<coverage generated="1766670363125" clover="3.2.0">
  <project timestamp="1766670363125" name="All files">
    <metrics statements="308" coveredstatements="112" conditionals="173" coveredconditionals="60" methods="56" coveredmethods="26" elements="537" coveredelements="198" complexity="0" loc="308" ncloc="308" packages="2" files="7" classes="7"/>
    <package name="js">
      <metrics statements="8" coveredstatements="0" conditionals="2" coveredconditionals="0" methods="0" coveredmethods="0"/>
      <file name="index.js" path="/home/franbtt/repos/top-project-battleship/src/js/index.js">
        <metrics statements="8" coveredstatements="0" conditionals="2" coveredconditionals="0" methods="0" coveredmethods="0"/>
        <line num="3" count="0" type="stmt"/>
        <line num="9" count="0" type="stmt"/>
        <line num="10" count="0" type="stmt"/>
        <line num="11" count="0" type="stmt"/>
        <line num="14" count="0" type="stmt"/>
        <line num="15" count="0" type="cond" truecount="0" falsecount="2"/>
        <line num="16" count="0" type="stmt"/>
        <line num="20" count="0" type="stmt"/>
      </file>
    </package>
    <package name="js.modules">
      <metrics statements="300" coveredstatements="112" conditionals="171" coveredconditionals="60" methods="56" coveredmethods="26"/>
      <file name="Game.js" path="/home/franbtt/repos/top-project-battleship/src/js/modules/Game.js">
        <metrics statements="33" coveredstatements="12" conditionals="18" coveredconditionals="8" methods="8" coveredmethods="3"/>
        <line num="12" count="8" type="stmt"/>
        <line num="13" count="8" type="stmt"/>
        <line num="16" count="8" type="stmt"/>
        <line num="17" count="8" type="stmt"/>
        <line num="25" count="9" type="stmt"/>
        <line num="31" count="0" type="stmt"/>
        <line num="33" count="0" type="stmt"/>
        <line num="34" count="0" type="stmt"/>
        <line num="37" count="0" type="stmt"/>
        <line num="39" count="0" type="cond" truecount="0" falsecount="2"/>
        <line num="41" count="0" type="stmt"/>
        <line num="42" count="0" type="stmt"/>
        <line num="46" count="0" type="stmt"/>
        <line num="53" count="0" type="stmt"/>
        <line num="58" count="0" type="stmt"/>
        <line num="64" count="4" type="cond" truecount="4" falsecount="0"/>
        <line num="65" count="2" type="stmt"/>
        <line num="72" count="2" type="stmt"/>
        <line num="75" count="2" type="cond" truecount="3" falsecount="1"/>
        <line num="76" count="0" type="stmt"/>
        <line num="83" count="2" type="cond" truecount="1" falsecount="1"/>
        <line num="84" count="0" type="stmt"/>
        <line num="85" count="0" type="stmt"/>
        <line num="94" count="2" type="stmt"/>
        <line num="96" count="2" type="stmt"/>
        <line num="106" count="0" type="cond" truecount="0" falsecount="4"/>
        <line num="107" count="0" type="stmt"/>
        <line num="111" count="0" type="stmt"/>
        <line num="114" count="0" type="cond" truecount="0" falsecount="2"/>
        <line num="115" count="0" type="stmt"/>
        <line num="116" count="0" type="stmt"/>
        <line num="120" count="0" type="stmt"/>
        <line num="122" count="0" type="stmt"/>
      </file>
      <file name="Gameboard.js" path="/home/franbtt/repos/top-project-battleship/src/js/modules/Gameboard.js">
        <metrics statements="43" coveredstatements="42" conditionals="32" coveredconditionals="30" methods="11" coveredmethods="11"/>
        <line num="9" count="3" type="stmt"/>
        <line num="10" count="3" type="stmt"/>
        <line num="19" count="72" type="stmt"/>
        <line num="21" count="720" type="stmt"/>
        <line num="22" count="72" type="stmt"/>
        <line num="23" count="72" type="stmt"/>
        <line num="24" count="72" type="stmt"/>
        <line num="29" count="218" type="stmt"/>
        <line num="30" count="218" type="cond" truecount="4" falsecount="0"/>
        <line num="35" count="69" type="cond" truecount="3" falsecount="1"/>
        <line num="36" count="0" type="stmt"/>
        <line num="39" count="69" type="stmt"/>
        <line num="41" count="69" type="cond" truecount="2" falsecount="0"/>
        <line num="42" count="58" type="stmt"/>
        <line num="43" count="198" type="stmt"/>
        <line num="45" count="11" type="cond" truecount="1" falsecount="1"/>
        <line num="46" count="11" type="stmt"/>
        <line num="47" count="33" type="stmt"/>
        <line num="51" count="69" type="stmt"/>
        <line num="56" count="38" type="stmt"/>
        <line num="59" count="38" type="stmt"/>
        <line num="60" count="116" type="cond" truecount="2" falsecount="0"/>
        <line num="63" count="111" type="cond" truecount="2" falsecount="0"/>
        <line num="66" count="31" type="stmt"/>
        <line num="71" count="38" type="cond" truecount="2" falsecount="0"/>
        <line num="72" count="7" type="stmt"/>
        <line num="75" count="31" type="stmt"/>
        <line num="81" count="31" type="stmt"/>
        <line num="82" count="105" type="stmt"/>
        <line num="85" count="31" type="stmt"/>
        <line num="86" count="31" type="stmt"/>
        <line num="92" count="51" type="cond" truecount="2" falsecount="0"/>
        <line num="93" count="4" type="cond" truecount="2" falsecount="0"/>
        <line num="99" count="47" type="stmt"/>
        <line num="102" count="47" type="stmt"/>
        <line num="104" count="47" type="cond" truecount="2" falsecount="0"/>
        <line num="105" count="25" type="stmt"/>
        <line num="107" count="25" type="cond" truecount="2" falsecount="0"/>
        <line num="113" count="22" type="stmt"/>
        <line num="114" count="22" type="stmt"/>
        <line num="119" count="6" type="cond" truecount="2" falsecount="0"/>
        <line num="124" count="98" type="stmt"/>
        <line num="126" count="103" type="cond" truecount="2" falsecount="0"/>
      </file>
      <file name="Player.js" path="/home/franbtt/repos/top-project-battleship/src/js/modules/Player.js">
        <metrics statements="59" coveredstatements="53" conditionals="25" coveredconditionals="20" methods="9" coveredmethods="9"/>
        <line num="9" count="30" type="stmt"/>
        <line num="10" count="30" type="stmt"/>
        <line num="13" count="30" type="cond" truecount="2" falsecount="0"/>
        <line num="14" count="19" type="stmt"/>
        <line num="15" count="19" type="stmt"/>
        <line num="16" count="19" type="stmt"/>
        <line num="17" count="19" type="stmt"/>
        <line num="23" count="4" type="stmt"/>
        <line num="28" count="7" type="stmt"/>
        <line num="29" count="7" type="stmt"/>
        <line num="36" count="7" type="stmt"/>
        <line num="37" count="28" type="stmt"/>
        <line num="38" count="28" type="stmt"/>
        <line num="41" count="28" type="cond" truecount="2" falsecount="0"/>
        <line num="42" count="26" type="stmt"/>
        <line num="46" count="7" type="stmt"/>
        <line num="51" count="7" type="stmt"/>
        <line num="53" count="26" type="stmt"/>
        <line num="54" count="36" type="cond" truecount="2" falsecount="0"/>
        <line num="57" count="26" type="cond" truecount="1" falsecount="1"/>
        <line num="58" count="26" type="stmt"/>
        <line num="65" count="1" type="stmt"/>
        <line num="66" count="1" type="stmt"/>
        <line num="67" count="1" type="stmt"/>
        <line num="68" count="1" type="stmt"/>
        <line num="73" count="23" type="cond" truecount="2" falsecount="0"/>
        <line num="75" count="7" type="cond" truecount="2" falsecount="0"/>
        <line num="76" count="5" type="stmt"/>
        <line num="80" count="7" type="stmt"/>
        <line num="81" count="7" type="stmt"/>
        <line num="84" count="7" type="stmt"/>
        <line num="85" count="7" type="stmt"/>
        <line num="86" count="16" type="cond" truecount="2" falsecount="0"/>
        <line num="88" count="1" type="stmt"/>
        <line num="97" count="24" type="cond" truecount="2" falsecount="0"/>
        <line num="100" count="13" type="stmt"/>
        <line num="101" count="13" type="stmt"/>
        <line num="103" count="13" type="stmt"/>
        <line num="104" count="14" type="stmt"/>
        <line num="105" count="14" type="stmt"/>
        <line num="106" count="14" type="stmt"/>
        <line num="108" count="14" type="cond" truecount="1" falsecount="1"/>
        <line num="110" count="0" type="stmt"/>
        <line num="111" count="0" type="stmt"/>
        <line num="112" count="0" type="cond" truecount="0" falsecount="2"/>
        <line num="113" count="0" type="stmt"/>
        <line num="117" count="0" type="stmt"/>
        <line num="121" count="13" type="stmt"/>
        <line num="124" count="11" type="cond" truecount="2" falsecount="0"/>
        <line num="126" count="1" type="stmt"/>
        <line num="127" count="1" type="stmt"/>
        <line num="130" count="10" type="stmt"/>
        <line num="131" count="10" type="stmt"/>
        <line num="142" count="23" type="cond" truecount="1" falsecount="1"/>
        <line num="143" count="0" type="stmt"/>
        <line num="147" count="23" type="stmt"/>
        <line num="150" count="23" type="stmt"/>
        <line num="153" count="23" type="stmt"/>
        <line num="156" count="23" type="stmt"/>
      </file>
      <file name="Ship.js" path="/home/franbtt/repos/top-project-battleship/src/js/modules/Ship.js">
        <metrics statements="5" coveredstatements="5" conditionals="2" coveredconditionals="2" methods="3" coveredmethods="3"/>
        <line num="7" count="85" type="stmt"/>
        <line num="8" count="85" type="stmt"/>
        <line num="12" count="35" type="cond" truecount="2" falsecount="0"/>
        <line num="13" count="34" type="stmt"/>
        <line num="18" count="70" type="stmt"/>
      </file>
      <file name="UIManager.js" path="/home/franbtt/repos/top-project-battleship/src/js/modules/UIManager.js">
        <metrics statements="159" coveredstatements="0" conditionals="94" coveredconditionals="0" methods="25" coveredmethods="0"/>
        <line num="9" count="0" type="stmt"/>
        <line num="15" count="0" type="stmt"/>
        <line num="16" count="0" type="stmt"/>
        <line num="18" count="0" type="stmt"/>
        <line num="19" count="0" type="stmt"/>
        <line num="20" count="0" type="stmt"/>
        <line num="22" count="0" type="stmt"/>
        <line num="27" count="0" type="stmt"/>
        <line num="28" count="0" type="stmt"/>
        <line num="31" count="0" type="stmt"/>
        <line num="32" count="0" type="stmt"/>
        <line num="36" count="0" type="stmt"/>
        <line num="37" count="0" type="stmt"/>
        <line num="39" count="0" type="stmt"/>
        <line num="40" count="0" type="stmt"/>
        <line num="43" count="0" type="cond" truecount="0" falsecount="4"/>
        <line num="44" count="0" type="stmt"/>
        <line num="49" count="0" type="cond" truecount="0" falsecount="2"/>
        <line num="50" count="0" type="stmt"/>
        <line num="56" count="0" type="cond" truecount="0" falsecount="4"/>
        <line num="57" count="0" type="stmt"/>
        <line num="58" count="0" type="stmt"/>
        <line num="61" count="0" type="stmt"/>
        <line num="62" count="0" type="stmt"/>
        <line num="68" count="0" type="stmt"/>
        <line num="69" count="0" type="stmt"/>
        <line num="71" count="0" type="cond" truecount="0" falsecount="2"/>
        <line num="72" count="0" type="stmt"/>
        <line num="73" count="0" type="stmt"/>
        <line num="74" count="0" type="stmt"/>
        <line num="75" count="0" type="stmt"/>
        <line num="77" count="0" type="stmt"/>
        <line num="78" count="0" type="stmt"/>
        <line num="80" count="0" type="stmt"/>
        <line num="81" count="0" type="stmt"/>
        <line num="82" count="0" type="stmt"/>
        <line num="83" count="0" type="stmt"/>
        <line num="85" count="0" type="stmt"/>
        <line num="86" count="0" type="stmt"/>
        <line num="92" count="0" type="stmt"/>
        <line num="93" count="0" type="stmt"/>
        <line num="94" count="0" type="stmt"/>
        <line num="97" count="0" type="cond" truecount="0" falsecount="2"/>
        <line num="98" count="0" type="stmt"/>
        <line num="101" count="0" type="stmt"/>
        <line num="102" count="0" type="stmt"/>
        <line num="104" count="0" type="stmt"/>
        <line num="106" count="0" type="stmt"/>
        <line num="108" count="0" type="cond" truecount="0" falsecount="2"/>
        <line num="109" count="0" type="stmt"/>
        <line num="111" count="0" type="stmt"/>
        <line num="115" count="0" type="stmt"/>
        <line num="117" count="0" type="cond" truecount="0" falsecount="2"/>
        <line num="118" count="0" type="stmt"/>
        <line num="120" count="0" type="stmt"/>
        <line num="126" count="0" type="stmt"/>
        <line num="128" count="0" type="stmt"/>
        <line num="129" count="0" type="stmt"/>
        <line num="132" count="0" type="stmt"/>
        <line num="135" count="0" type="cond" truecount="0" falsecount="2"/>
        <line num="136" count="0" type="stmt"/>
        <line num="138" count="0" type="stmt"/>
        <line num="142" count="0" type="stmt"/>
        <line num="146" count="0" type="stmt"/>
        <line num="147" count="0" type="stmt"/>
        <line num="153" count="0" type="cond" truecount="0" falsecount="2"/>
        <line num="158" count="0" type="cond" truecount="0" falsecount="2"/>
        <line num="161" count="0" type="stmt"/>
        <line num="162" count="0" type="cond" truecount="0" falsecount="2"/>
        <line num="163" count="0" type="cond" truecount="0" falsecount="2"/>
        <line num="166" count="0" type="stmt"/>
        <line num="167" count="0" type="stmt"/>
        <line num="171" count="0" type="stmt"/>
        <line num="173" count="0" type="stmt"/>
        <line num="176" count="0" type="stmt"/>
        <line num="177" count="0" type="stmt"/>
        <line num="179" count="0" type="stmt"/>
        <line num="180" count="0" type="stmt"/>
        <line num="181" count="0" type="stmt"/>
        <line num="182" count="0" type="stmt"/>
        <line num="185" count="0" type="stmt"/>
        <line num="186" count="0" type="stmt"/>
        <line num="189" count="0" type="cond" truecount="0" falsecount="4"/>
        <line num="191" count="0" type="stmt"/>
        <line num="192" count="0" type="cond" truecount="0" falsecount="2"/>
        <line num="193" count="0" type="stmt"/>
        <line num="194" count="0" type="stmt"/>
        <line num="196" count="0" type="stmt"/>
        <line num="197" count="0" type="stmt"/>
        <line num="199" count="0" type="cond" truecount="0" falsecount="4"/>
        <line num="201" count="0" type="stmt"/>
        <line num="202" count="0" type="stmt"/>
        <line num="203" count="0" type="cond" truecount="0" falsecount="5"/>
        <line num="205" count="0" type="stmt"/>
        <line num="206" count="0" type="stmt"/>
        <line num="209" count="0" type="stmt"/>
        <line num="210" count="0" type="stmt"/>
        <line num="214" count="0" type="cond" truecount="0" falsecount="4"/>
        <line num="215" count="0" type="stmt"/>
        <line num="216" count="0" type="stmt"/>
        <line num="217" count="0" type="cond" truecount="0" falsecount="2"/>
        <line num="222" count="0" type="stmt"/>
        <line num="228" count="0" type="stmt"/>
        <line num="236" count="0" type="cond" truecount="0" falsecount="2"/>
        <line num="237" count="0" type="stmt"/>
        <line num="242" count="0" type="stmt"/>
        <line num="243" count="0" type="cond" truecount="0" falsecount="2"/>
        <line num="246" count="0" type="cond" truecount="0" falsecount="2"/>
        <line num="247" count="0" type="cond" truecount="0" falsecount="2"/>
        <line num="250" count="0" type="stmt"/>
        <line num="253" count="0" type="stmt"/>
        <line num="254" count="0" type="stmt"/>
        <line num="260" count="0" type="cond" truecount="0" falsecount="4"/>
        <line num="261" count="0" type="stmt"/>
        <line num="262" count="0" type="stmt"/>
        <line num="265" count="0" type="cond" truecount="0" falsecount="2"/>
        <line num="266" count="0" type="stmt"/>
        <line num="267" count="0" type="stmt"/>
        <line num="270" count="0" type="stmt"/>
        <line num="272" count="0" type="cond" truecount="0" falsecount="2"/>
        <line num="273" count="0" type="stmt"/>
        <line num="274" count="0" type="stmt"/>
        <line num="277" count="0" type="stmt"/>
        <line num="279" count="0" type="cond" truecount="0" falsecount="2"/>
        <line num="280" count="0" type="stmt"/>
        <line num="282" count="0" type="cond" truecount="0" falsecount="4"/>
        <line num="283" count="0" type="stmt"/>
        <line num="284" count="0" type="stmt"/>
        <line num="285" count="0" type="stmt"/>
        <line num="286" count="0" type="stmt"/>
        <line num="290" count="0" type="cond" truecount="0" falsecount="2"/>
        <line num="291" count="0" type="cond" truecount="0" falsecount="2"/>
        <line num="293" count="0" type="stmt"/>
        <line num="296" count="0" type="stmt"/>
        <line num="297" count="0" type="stmt"/>
        <line num="300" count="0" type="stmt"/>
        <line num="301" count="0" type="stmt"/>
        <line num="306" count="0" type="stmt"/>
        <line num="307" count="0" type="stmt"/>
        <line num="315" count="0" type="cond" truecount="0" falsecount="4"/>
        <line num="316" count="0" type="stmt"/>
        <line num="319" count="0" type="cond" truecount="0" falsecount="2"/>
        <line num="320" count="0" type="stmt"/>
        <line num="323" count="0" type="stmt"/>
        <line num="325" count="0" type="cond" truecount="0" falsecount="2"/>
        <line num="326" count="0" type="stmt"/>
        <line num="327" count="0" type="stmt"/>
        <line num="330" count="0" type="stmt"/>
        <line num="332" count="0" type="cond" truecount="0" falsecount="2"/>
        <line num="333" count="0" type="stmt"/>
        <line num="335" count="0" type="cond" truecount="0" falsecount="4"/>
        <line num="336" count="0" type="stmt"/>
        <line num="337" count="0" type="stmt"/>
        <line num="338" count="0" type="stmt"/>
        <line num="339" count="0" type="stmt"/>
        <line num="343" count="0" type="stmt"/>
        <line num="345" count="0" type="cond" truecount="0" falsecount="2"/>
        <line num="346" count="0" type="stmt"/>
        <line num="348" count="0" type="stmt"/>
      </file>
      <file name="icons.js" path="/home/franbtt/repos/top-project-battleship/src/js/modules/icons.js">
        <metrics statements="1" coveredstatements="0" conditionals="0" coveredconditionals="0" methods="0" coveredmethods="0"/>
        <line num="5" count="0" type="stmt"/>
      </file>
    </package>
  </project>
</coverage>
