{"/home/franbtt/repos/top-project-battleship/src/js/index.js": {"path":"/home/franbtt/repos/top-project-battleship/src/js/index.js","statementMap":{"0":{"start":{"line":3,"column":14},"end":{"line":3,"column":32}},"1":{"start":{"line":9,"column":0},"end":{"line":9,"column":19}},"2":{"start":{"line":10,"column":0},"end":{"line":10,"column":25}},"3":{"start":{"line":11,"column":0},"end":{"line":11,"column":39}},"4":{"start":{"line":14,"column":17},"end":{"line":14,"column":48}},"5":{"start":{"line":15,"column":0},"end":{"line":18,"column":1}},"6":{"start":{"line":16,"column":2},"end":{"line":17,"column":73}},"7":{"start":{"line":20,"column":0},"end":{"line":20,"column":23}}},"fnMap":{},"branchMap":{"0":{"loc":{"start":{"line":15,"column":0},"end":{"line":18,"column":1}},"type":"if","locations":[{"start":{"line":15,"column":0},"end":{"line":18,"column":1}},{"start":{},"end":{}}],"line":15}},"s":{"0":0,"1":0,"2":0,"3":0,"4":0,"5":0,"6":0,"7":0},"f":{},"b":{"0":[0,0]}}
,"/home/franbtt/repos/top-project-battleship/src/js/modules/Game.js": {"path":"/home/franbtt/repos/top-project-battleship/src/js/modules/Game.js","statementMap":{"0":{"start":{"line":12,"column":4},"end":{"line":12,"column":35}},"1":{"start":{"line":13,"column":4},"end":{"line":13,"column":37}},"2":{"start":{"line":16,"column":4},"end":{"line":16,"column":36}},"3":{"start":{"line":17,"column":4},"end":{"line":17,"column":26}},"4":{"start":{"line":25,"column":4},"end":{"line":25,"column":77}},"5":{"start":{"line":31,"column":18},"end":{"line":31,"column":44}},"6":{"start":{"line":33,"column":4},"end":{"line":48,"column":7}},"7":{"start":{"line":34,"column":19},"end":{"line":34,"column":24}},"8":{"start":{"line":37,"column":6},"end":{"line":47,"column":7}},"9":{"start":{"line":39,"column":28},"end":{"line":39,"column":75}},"10":{"start":{"line":41,"column":20},"end":{"line":41,"column":50}},"11":{"start":{"line":42,"column":20},"end":{"line":42,"column":50}},"12":{"start":{"line":46,"column":8},"end":{"line":46,"column":68}},"13":{"start":{"line":53,"column":4},"end":{"line":53,"column":54}},"14":{"start":{"line":58,"column":4},"end":{"line":58,"column":51}},"15":{"start":{"line":64,"column":4},"end":{"line":69,"column":5}},"16":{"start":{"line":65,"column":6},"end":{"line":68,"column":8}},"17":{"start":{"line":72,"column":19},"end":{"line":72,"column":73}},"18":{"start":{"line":75,"column":4},"end":{"line":80,"column":5}},"19":{"start":{"line":76,"column":6},"end":{"line":79,"column":8}},"20":{"start":{"line":83,"column":4},"end":{"line":91,"column":5}},"21":{"start":{"line":84,"column":6},"end":{"line":84,"column":27}},"22":{"start":{"line":85,"column":6},"end":{"line":90,"column":8}},"23":{"start":{"line":94,"column":4},"end":{"line":94,"column":39}},"24":{"start":{"line":96,"column":4},"end":{"line":100,"column":6}},"25":{"start":{"line":106,"column":4},"end":{"line":108,"column":5}},"26":{"start":{"line":107,"column":6},"end":{"line":107,"column":77}},"27":{"start":{"line":111,"column":19},"end":{"line":111,"column":73}},"28":{"start":{"line":114,"column":4},"end":{"line":117,"column":5}},"29":{"start":{"line":115,"column":6},"end":{"line":115,"column":27}},"30":{"start":{"line":116,"column":6},"end":{"line":116,"column":75}},"31":{"start":{"line":120,"column":4},"end":{"line":120,"column":36}},"32":{"start":{"line":122,"column":4},"end":{"line":122,"column":54}}},"fnMap":{"0":{"name":"(anonymous_0)","decl":{"start":{"line":10,"column":2},"end":{"line":10,"column":3}},"loc":{"start":{"line":10,"column":16},"end":{"line":18,"column":3}},"line":10},"1":{"name":"(anonymous_1)","decl":{"start":{"line":24,"column":2},"end":{"line":24,"column":3}},"loc":{"start":{"line":24,"column":31},"end":{"line":26,"column":3}},"line":24},"2":{"name":"(anonymous_2)","decl":{"start":{"line":29,"column":2},"end":{"line":29,"column":3}},"loc":{"start":{"line":29,"column":33},"end":{"line":49,"column":3}},"line":29},"3":{"name":"(anonymous_3)","decl":{"start":{"line":33,"column":18},"end":{"line":33,"column":19}},"loc":{"start":{"line":33,"column":28},"end":{"line":48,"column":5}},"line":33},"4":{"name":"(anonymous_4)","decl":{"start":{"line":52,"column":2},"end":{"line":52,"column":3}},"loc":{"start":{"line":52,"column":23},"end":{"line":54,"column":3}},"line":52},"5":{"name":"(anonymous_5)","decl":{"start":{"line":57,"column":2},"end":{"line":57,"column":3}},"loc":{"start":{"line":57,"column":20},"end":{"line":59,"column":3}},"line":57},"6":{"name":"(anonymous_6)","decl":{"start":{"line":62,"column":2},"end":{"line":62,"column":3}},"loc":{"start":{"line":62,"column":22},"end":{"line":101,"column":3}},"line":62},"7":{"name":"(anonymous_7)","decl":{"start":{"line":104,"column":2},"end":{"line":104,"column":3}},"loc":{"start":{"line":104,"column":17},"end":{"line":123,"column":3}},"line":104}},"branchMap":{"0":{"loc":{"start":{"line":39,"column":28},"end":{"line":39,"column":75}},"type":"cond-expr","locations":[{"start":{"line":39,"column":50},"end":{"line":39,"column":62}},{"start":{"line":39,"column":65},"end":{"line":39,"column":75}}],"line":39},"1":{"loc":{"start":{"line":64,"column":4},"end":{"line":69,"column":5}},"type":"if","locations":[{"start":{"line":64,"column":4},"end":{"line":69,"column":5}},{"start":{},"end":{}}],"line":64},"2":{"loc":{"start":{"line":64,"column":8},"end":{"line":64,"column":58}},"type":"binary-expr","locations":[{"start":{"line":64,"column":8},"end":{"line":64,"column":21}},{"start":{"line":64,"column":25},"end":{"line":64,"column":58}}],"line":64},"3":{"loc":{"start":{"line":75,"column":4},"end":{"line":80,"column":5}},"type":"if","locations":[{"start":{"line":75,"column":4},"end":{"line":80,"column":5}},{"start":{},"end":{}}],"line":75},"4":{"loc":{"start":{"line":75,"column":8},"end":{"line":75,"column":61}},"type":"binary-expr","locations":[{"start":{"line":75,"column":8},"end":{"line":75,"column":28}},{"start":{"line":75,"column":32},"end":{"line":75,"column":61}}],"line":75},"5":{"loc":{"start":{"line":83,"column":4},"end":{"line":91,"column":5}},"type":"if","locations":[{"start":{"line":83,"column":4},"end":{"line":91,"column":5}},{"start":{},"end":{}}],"line":83},"6":{"loc":{"start":{"line":106,"column":4},"end":{"line":108,"column":5}},"type":"if","locations":[{"start":{"line":106,"column":4},"end":{"line":108,"column":5}},{"start":{},"end":{}}],"line":106},"7":{"loc":{"start":{"line":106,"column":8},"end":{"line":106,"column":61}},"type":"binary-expr","locations":[{"start":{"line":106,"column":8},"end":{"line":106,"column":21}},{"start":{"line":106,"column":25},"end":{"line":106,"column":61}}],"line":106},"8":{"loc":{"start":{"line":114,"column":4},"end":{"line":117,"column":5}},"type":"if","locations":[{"start":{"line":114,"column":4},"end":{"line":117,"column":5}},{"start":{},"end":{}}],"line":114}},"s":{"0":8,"1":8,"2":8,"3":8,"4":9,"5":0,"6":0,"7":0,"8":0,"9":0,"10":0,"11":0,"12":0,"13":0,"14":0,"15":4,"16":2,"17":2,"18":2,"19":0,"20":2,"21":0,"22":0,"23":2,"24":2,"25":0,"26":0,"27":0,"28":0,"29":0,"30":0,"31":0,"32":0},"f":{"0":8,"1":9,"2":0,"3":0,"4":0,"5":0,"6":4,"7":0},"b":{"0":[0,0],"1":[2,2],"2":[4,3],"3":[0,2],"4":[2,2],"5":[0,2],"6":[0,0],"7":[0,0],"8":[0,0]},"_coverageSchema":"1a1c01bbd47fc00a2c39e90264f33305004495a9","hash":"845c6d1d90e969e51de9fca8487b5d711a3ff433"}
,"/home/franbtt/repos/top-project-battleship/src/js/modules/Gameboard.js": {"path":"/home/franbtt/repos/top-project-battleship/src/js/modules/Gameboard.js","statementMap":{"0":{"start":{"line":9,"column":22},"end":{"line":9,"column":24}},"1":{"start":{"line":10,"column":25},"end":{"line":16,"column":3}},"2":{"start":{"line":19,"column":4},"end":{"line":21,"column":57}},"3":{"start":{"line":21,"column":17},"end":{"line":21,"column":55}},"4":{"start":{"line":22,"column":4},"end":{"line":22,"column":28}},"5":{"start":{"line":23,"column":4},"end":{"line":23,"column":28}},"6":{"start":{"line":24,"column":4},"end":{"line":24,"column":20}},"7":{"start":{"line":29,"column":17},"end":{"line":29,"column":44}},"8":{"start":{"line":30,"column":4},"end":{"line":30,"column":60}},"9":{"start":{"line":35,"column":4},"end":{"line":37,"column":5}},"10":{"start":{"line":36,"column":6},"end":{"line":36,"column":61}},"11":{"start":{"line":39,"column":24},"end":{"line":39,"column":26}},"12":{"start":{"line":41,"column":4},"end":{"line":49,"column":5}},"13":{"start":{"line":42,"column":6},"end":{"line":44,"column":7}},"14":{"start":{"line":42,"column":19},"end":{"line":42,"column":20}},"15":{"start":{"line":43,"column":8},"end":{"line":43,"column":41}},"16":{"start":{"line":45,"column":11},"end":{"line":49,"column":5}},"17":{"start":{"line":46,"column":6},"end":{"line":48,"column":7}},"18":{"start":{"line":46,"column":19},"end":{"line":46,"column":20}},"19":{"start":{"line":47,"column":8},"end":{"line":47,"column":41}},"20":{"start":{"line":51,"column":4},"end":{"line":51,"column":23}},"21":{"start":{"line":56,"column":24},"end":{"line":56,"column":79}},"22":{"start":{"line":59,"column":4},"end":{"line":64,"column":5}},"23":{"start":{"line":60,"column":6},"end":{"line":60,"column":52}},"24":{"start":{"line":60,"column":39},"end":{"line":60,"column":52}},"25":{"start":{"line":63,"column":6},"end":{"line":63,"column":50}},"26":{"start":{"line":63,"column":37},"end":{"line":63,"column":50}},"27":{"start":{"line":66,"column":4},"end":{"line":66,"column":16}},"28":{"start":{"line":71,"column":4},"end":{"line":73,"column":5}},"29":{"start":{"line":72,"column":6},"end":{"line":72,"column":19}},"30":{"start":{"line":75,"column":24},"end":{"line":80,"column":5}},"31":{"start":{"line":81,"column":4},"end":{"line":83,"column":5}},"32":{"start":{"line":82,"column":6},"end":{"line":82,"column":30}},"33":{"start":{"line":85,"column":4},"end":{"line":85,"column":26}},"34":{"start":{"line":86,"column":4},"end":{"line":86,"column":16}},"35":{"start":{"line":92,"column":4},"end":{"line":96,"column":5}},"36":{"start":{"line":93,"column":6},"end":{"line":95,"column":42}},"37":{"start":{"line":99,"column":4},"end":{"line":99,"column":40}},"38":{"start":{"line":102,"column":19},"end":{"line":102,"column":39}},"39":{"start":{"line":104,"column":4},"end":{"line":110,"column":5}},"40":{"start":{"line":105,"column":6},"end":{"line":105,"column":19}},"41":{"start":{"line":107,"column":6},"end":{"line":109,"column":38}},"42":{"start":{"line":113,"column":4},"end":{"line":113,"column":40}},"43":{"start":{"line":114,"column":4},"end":{"line":114,"column":40}},"44":{"start":{"line":119,"column":4},"end":{"line":119,"column":78}},"45":{"start":{"line":119,"column":63},"end":{"line":119,"column":76}},"46":{"start":{"line":124,"column":4},"end":{"line":127,"column":6}},"47":{"start":{"line":126,"column":43},"end":{"line":126,"column":65}}},"fnMap":{"0":{"name":"(anonymous_0)","decl":{"start":{"line":18,"column":2},"end":{"line":18,"column":3}},"loc":{"start":{"line":18,"column":16},"end":{"line":25,"column":3}},"line":18},"1":{"name":"(anonymous_1)","decl":{"start":{"line":21,"column":11},"end":{"line":21,"column":12}},"loc":{"start":{"line":21,"column":17},"end":{"line":21,"column":55}},"line":21},"2":{"name":"(anonymous_2)","decl":{"start":{"line":28,"column":2},"end":{"line":28,"column":3}},"loc":{"start":{"line":28,"column":28},"end":{"line":31,"column":3}},"line":28},"3":{"name":"(anonymous_3)","decl":{"start":{"line":34,"column":2},"end":{"line":34,"column":3}},"loc":{"start":{"line":34,"column":53},"end":{"line":52,"column":3}},"line":34},"4":{"name":"(anonymous_4)","decl":{"start":{"line":55,"column":2},"end":{"line":55,"column":3}},"loc":{"start":{"line":55,"column":47},"end":{"line":67,"column":3}},"line":55},"5":{"name":"(anonymous_5)","decl":{"start":{"line":70,"column":2},"end":{"line":70,"column":3}},"loc":{"start":{"line":70,"column":43},"end":{"line":87,"column":3}},"line":70},"6":{"name":"(anonymous_6)","decl":{"start":{"line":90,"column":2},"end":{"line":90,"column":3}},"loc":{"start":{"line":90,"column":28},"end":{"line":115,"column":3}},"line":90},"7":{"name":"(anonymous_7)","decl":{"start":{"line":118,"column":2},"end":{"line":118,"column":3}},"loc":{"start":{"line":118,"column":17},"end":{"line":120,"column":3}},"line":118},"8":{"name":"(anonymous_8)","decl":{"start":{"line":119,"column":53},"end":{"line":119,"column":54}},"loc":{"start":{"line":119,"column":63},"end":{"line":119,"column":76}},"line":119},"9":{"name":"(anonymous_9)","decl":{"start":{"line":123,"column":2},"end":{"line":123,"column":3}},"loc":{"start":{"line":123,"column":28},"end":{"line":128,"column":3}},"line":123},"10":{"name":"(anonymous_10)","decl":{"start":{"line":126,"column":31},"end":{"line":126,"column":32}},"loc":{"start":{"line":126,"column":43},"end":{"line":126,"column":65}},"line":126}},"branchMap":{"0":{"loc":{"start":{"line":30,"column":11},"end":{"line":30,"column":59}},"type":"binary-expr","locations":[{"start":{"line":30,"column":11},"end":{"line":30,"column":19}},{"start":{"line":30,"column":23},"end":{"line":30,"column":33}},{"start":{"line":30,"column":37},"end":{"line":30,"column":45}},{"start":{"line":30,"column":49},"end":{"line":30,"column":59}}],"line":30},"1":{"loc":{"start":{"line":35,"column":4},"end":{"line":37,"column":5}},"type":"if","locations":[{"start":{"line":35,"column":4},"end":{"line":37,"column":5}},{"start":{},"end":{}}],"line":35},"2":{"loc":{"start":{"line":35,"column":8},"end":{"line":35,"column":66}},"type":"binary-expr","locations":[{"start":{"line":35,"column":8},"end":{"line":35,"column":36}},{"start":{"line":35,"column":40},"end":{"line":35,"column":66}}],"line":35},"3":{"loc":{"start":{"line":41,"column":4},"end":{"line":49,"column":5}},"type":"if","locations":[{"start":{"line":41,"column":4},"end":{"line":49,"column":5}},{"start":{"line":45,"column":11},"end":{"line":49,"column":5}}],"line":41},"4":{"loc":{"start":{"line":45,"column":11},"end":{"line":49,"column":5}},"type":"if","locations":[{"start":{"line":45,"column":11},"end":{"line":49,"column":5}},{"start":{},"end":{}}],"line":45},"5":{"loc":{"start":{"line":60,"column":6},"end":{"line":60,"column":52}},"type":"if","locations":[{"start":{"line":60,"column":6},"end":{"line":60,"column":52}},{"start":{},"end":{}}],"line":60},"6":{"loc":{"start":{"line":63,"column":6},"end":{"line":63,"column":50}},"type":"if","locations":[{"start":{"line":63,"column":6},"end":{"line":63,"column":50}},{"start":{},"end":{}}],"line":63},"7":{"loc":{"start":{"line":71,"column":4},"end":{"line":73,"column":5}},"type":"if","locations":[{"start":{"line":71,"column":4},"end":{"line":73,"column":5}},{"start":{},"end":{}}],"line":71},"8":{"loc":{"start":{"line":92,"column":4},"end":{"line":96,"column":5}},"type":"if","locations":[{"start":{"line":92,"column":4},"end":{"line":96,"column":5}},{"start":{},"end":{}}],"line":92},"9":{"loc":{"start":{"line":93,"column":13},"end":{"line":95,"column":41}},"type":"cond-expr","locations":[{"start":{"line":94,"column":10},"end":{"line":94,"column":50}},{"start":{"line":95,"column":10},"end":{"line":95,"column":41}}],"line":93},"10":{"loc":{"start":{"line":104,"column":4},"end":{"line":110,"column":5}},"type":"if","locations":[{"start":{"line":104,"column":4},"end":{"line":110,"column":5}},{"start":{},"end":{}}],"line":104},"11":{"loc":{"start":{"line":107,"column":13},"end":{"line":109,"column":37}},"type":"cond-expr","locations":[{"start":{"line":108,"column":10},"end":{"line":108,"column":38}},{"start":{"line":109,"column":10},"end":{"line":109,"column":37}}],"line":107},"12":{"loc":{"start":{"line":119,"column":11},"end":{"line":119,"column":77}},"type":"binary-expr","locations":[{"start":{"line":119,"column":11},"end":{"line":119,"column":32}},{"start":{"line":119,"column":36},"end":{"line":119,"column":77}}],"line":119},"13":{"loc":{"start":{"line":125,"column":6},"end":{"line":126,"column":66}},"type":"binary-expr","locations":[{"start":{"line":125,"column":6},"end":{"line":125,"column":36}},{"start":{"line":126,"column":6},"end":{"line":126,"column":66}}],"line":125},"14":{"loc":{"start":{"line":126,"column":43},"end":{"line":126,"column":65}},"type":"binary-expr","locations":[{"start":{"line":126,"column":43},"end":{"line":126,"column":52}},{"start":{"line":126,"column":56},"end":{"line":126,"column":65}}],"line":126}},"s":{"0":3,"1":3,"2":72,"3":720,"4":72,"5":72,"6":72,"7":218,"8":218,"9":69,"10":0,"11":69,"12":69,"13":58,"14":58,"15":198,"16":11,"17":11,"18":11,"19":33,"20":69,"21":38,"22":38,"23":116,"24":5,"25":111,"26":2,"27":31,"28":38,"29":7,"30":31,"31":31,"32":105,"33":31,"34":31,"35":51,"36":4,"37":47,"38":47,"39":47,"40":25,"41":25,"42":22,"43":22,"44":5,"45":6,"46":98,"47":103},"f":{"0":72,"1":720,"2":218,"3":69,"4":38,"5":38,"6":51,"7":5,"8":6,"9":98,"10":103},"b":{"0":[218,217,212,211],"1":[0,69],"2":[69,11],"3":[58,11],"4":[11,0],"5":[5,111],"6":[2,109],"7":[7,31],"8":[4,47],"9":[3,1],"10":[25,22],"11":[5,20],"12":[5,4],"13":[98,96],"14":[103,39]},"_coverageSchema":"1a1c01bbd47fc00a2c39e90264f33305004495a9","hash":"c0b15776b76c6c086c8002ae90b984353358cad8"}
,"/home/franbtt/repos/top-project-battleship/src/js/modules/Player.js": {"path":"/home/franbtt/repos/top-project-battleship/src/js/modules/Player.js","statementMap":{"0":{"start":{"line":9,"column":4},"end":{"line":9,"column":33}},"1":{"start":{"line":10,"column":4},"end":{"line":10,"column":37}},"2":{"start":{"line":13,"column":4},"end":{"line":18,"column":5}},"3":{"start":{"line":14,"column":6},"end":{"line":14,"column":27}},"4":{"start":{"line":15,"column":6},"end":{"line":15,"column":28}},"5":{"start":{"line":16,"column":6},"end":{"line":16,"column":26}},"6":{"start":{"line":17,"column":6},"end":{"line":17,"column":36}},"7":{"start":{"line":23,"column":4},"end":{"line":23,"column":53}},"8":{"start":{"line":28,"column":21},"end":{"line":28,"column":23}},"9":{"start":{"line":29,"column":23},"end":{"line":34,"column":5}},"10":{"start":{"line":36,"column":4},"end":{"line":44,"column":5}},"11":{"start":{"line":37,"column":21},"end":{"line":37,"column":29}},"12":{"start":{"line":38,"column":21},"end":{"line":38,"column":29}},"13":{"start":{"line":41,"column":6},"end":{"line":43,"column":7}},"14":{"start":{"line":42,"column":8},"end":{"line":42,"column":40}},"15":{"start":{"line":46,"column":4},"end":{"line":46,"column":20}},"16":{"start":{"line":51,"column":4},"end":{"line":60,"column":5}},"17":{"start":{"line":53,"column":29},"end":{"line":55,"column":7}},"18":{"start":{"line":54,"column":20},"end":{"line":54,"column":50}},"19":{"start":{"line":57,"column":6},"end":{"line":59,"column":7}},"20":{"start":{"line":58,"column":8},"end":{"line":58,"column":36}},"21":{"start":{"line":65,"column":4},"end":{"line":65,"column":25}},"22":{"start":{"line":66,"column":4},"end":{"line":66,"column":26}},"23":{"start":{"line":67,"column":4},"end":{"line":67,"column":24}},"24":{"start":{"line":68,"column":4},"end":{"line":68,"column":34}},"25":{"start":{"line":73,"column":4},"end":{"line":89,"column":5}},"26":{"start":{"line":75,"column":6},"end":{"line":77,"column":7}},"27":{"start":{"line":76,"column":8},"end":{"line":76,"column":31}},"28":{"start":{"line":80,"column":24},"end":{"line":80,"column":72}},"29":{"start":{"line":81,"column":6},"end":{"line":81,"column":34}},"30":{"start":{"line":84,"column":6},"end":{"line":84,"column":48}},"31":{"start":{"line":85,"column":6},"end":{"line":85,"column":32}},"32":{"start":{"line":86,"column":11},"end":{"line":89,"column":5}},"33":{"start":{"line":88,"column":6},"end":{"line":88,"column":22}},"34":{"start":{"line":97,"column":4},"end":{"line":132,"column":5}},"35":{"start":{"line":100,"column":21},"end":{"line":100,"column":22}},"36":{"start":{"line":101,"column":26},"end":{"line":101,"column":29}},"37":{"start":{"line":103,"column":6},"end":{"line":119,"column":58}},"38":{"start":{"line":104,"column":8},"end":{"line":104,"column":45}},"39":{"start":{"line":105,"column":8},"end":{"line":105,"column":45}},"40":{"start":{"line":106,"column":8},"end":{"line":106,"column":19}},"41":{"start":{"line":108,"column":8},"end":{"line":118,"column":9}},"42":{"start":{"line":110,"column":10},"end":{"line":116,"column":11}},"43":{"start":{"line":110,"column":23},"end":{"line":110,"column":24}},"44":{"start":{"line":111,"column":12},"end":{"line":115,"column":13}},"45":{"start":{"line":111,"column":25},"end":{"line":111,"column":26}},"46":{"start":{"line":112,"column":14},"end":{"line":114,"column":15}},"47":{"start":{"line":113,"column":16},"end":{"line":113,"column":30}},"48":{"start":{"line":117,"column":10},"end":{"line":117,"column":57}},"49":{"start":{"line":121,"column":6},"end":{"line":121,"column":24}},"50":{"start":{"line":124,"column":6},"end":{"line":128,"column":7}},"51":{"start":{"line":126,"column":8},"end":{"line":126,"column":29}},"52":{"start":{"line":127,"column":8},"end":{"line":127,"column":62}},"53":{"start":{"line":130,"column":19},"end":{"line":130,"column":43}},"54":{"start":{"line":131,"column":6},"end":{"line":131,"column":18}},"55":{"start":{"line":142,"column":4},"end":{"line":144,"column":5}},"56":{"start":{"line":143,"column":6},"end":{"line":143,"column":73}},"57":{"start":{"line":147,"column":23},"end":{"line":147,"column":69}},"58":{"start":{"line":150,"column":19},"end":{"line":150,"column":59}},"59":{"start":{"line":153,"column":4},"end":{"line":153,"column":58}},"60":{"start":{"line":156,"column":4},"end":{"line":156,"column":18}}},"fnMap":{"0":{"name":"(anonymous_0)","decl":{"start":{"line":8,"column":2},"end":{"line":8,"column":3}},"loc":{"start":{"line":8,"column":34},"end":{"line":19,"column":3}},"line":8},"1":{"name":"(anonymous_1)","decl":{"start":{"line":22,"column":2},"end":{"line":22,"column":3}},"loc":{"start":{"line":22,"column":38},"end":{"line":24,"column":3}},"line":22},"2":{"name":"(anonymous_2)","decl":{"start":{"line":27,"column":2},"end":{"line":27,"column":3}},"loc":{"start":{"line":27,"column":41},"end":{"line":47,"column":3}},"line":27},"3":{"name":"(anonymous_3)","decl":{"start":{"line":50,"column":2},"end":{"line":50,"column":3}},"loc":{"start":{"line":50,"column":21},"end":{"line":61,"column":3}},"line":50},"4":{"name":"(anonymous_4)","decl":{"start":{"line":54,"column":8},"end":{"line":54,"column":9}},"loc":{"start":{"line":54,"column":20},"end":{"line":54,"column":50}},"line":54},"5":{"name":"(anonymous_5)","decl":{"start":{"line":64,"column":2},"end":{"line":64,"column":3}},"loc":{"start":{"line":64,"column":13},"end":{"line":69,"column":3}},"line":64},"6":{"name":"(anonymous_6)","decl":{"start":{"line":72,"column":2},"end":{"line":72,"column":3}},"loc":{"start":{"line":72,"column":51},"end":{"line":93,"column":3}},"line":72},"7":{"name":"(anonymous_7)","decl":{"start":{"line":96,"column":2},"end":{"line":96,"column":3}},"loc":{"start":{"line":96,"column":44},"end":{"line":133,"column":3}},"line":96},"8":{"name":"(anonymous_8)","decl":{"start":{"line":141,"column":2},"end":{"line":141,"column":3}},"loc":{"start":{"line":141,"column":37},"end":{"line":157,"column":3}},"line":141}},"branchMap":{"0":{"loc":{"start":{"line":8,"column":14},"end":{"line":8,"column":32}},"type":"default-arg","locations":[{"start":{"line":8,"column":27},"end":{"line":8,"column":32}}],"line":8},"1":{"loc":{"start":{"line":13,"column":4},"end":{"line":18,"column":5}},"type":"if","locations":[{"start":{"line":13,"column":4},"end":{"line":18,"column":5}},{"start":{},"end":{}}],"line":13},"2":{"loc":{"start":{"line":41,"column":6},"end":{"line":43,"column":7}},"type":"if","locations":[{"start":{"line":41,"column":6},"end":{"line":43,"column":7}},{"start":{},"end":{}}],"line":41},"3":{"loc":{"start":{"line":54,"column":20},"end":{"line":54,"column":50}},"type":"binary-expr","locations":[{"start":{"line":54,"column":20},"end":{"line":54,"column":33}},{"start":{"line":54,"column":37},"end":{"line":54,"column":50}}],"line":54},"4":{"loc":{"start":{"line":57,"column":6},"end":{"line":59,"column":7}},"type":"if","locations":[{"start":{"line":57,"column":6},"end":{"line":59,"column":7}},{"start":{},"end":{}}],"line":57},"5":{"loc":{"start":{"line":73,"column":4},"end":{"line":89,"column":5}},"type":"if","locations":[{"start":{"line":73,"column":4},"end":{"line":89,"column":5}},{"start":{"line":86,"column":11},"end":{"line":89,"column":5}}],"line":73},"6":{"loc":{"start":{"line":75,"column":6},"end":{"line":77,"column":7}},"type":"if","locations":[{"start":{"line":75,"column":6},"end":{"line":77,"column":7}},{"start":{},"end":{}}],"line":75},"7":{"loc":{"start":{"line":86,"column":11},"end":{"line":89,"column":5}},"type":"if","locations":[{"start":{"line":86,"column":11},"end":{"line":89,"column":5}},{"start":{},"end":{}}],"line":86},"8":{"loc":{"start":{"line":97,"column":4},"end":{"line":132,"column":5}},"type":"if","locations":[{"start":{"line":97,"column":4},"end":{"line":132,"column":5}},{"start":{"line":122,"column":11},"end":{"line":132,"column":5}}],"line":97},"9":{"loc":{"start":{"line":108,"column":8},"end":{"line":118,"column":9}},"type":"if","locations":[{"start":{"line":108,"column":8},"end":{"line":118,"column":9}},{"start":{},"end":{}}],"line":108},"10":{"loc":{"start":{"line":112,"column":14},"end":{"line":114,"column":15}},"type":"if","locations":[{"start":{"line":112,"column":14},"end":{"line":114,"column":15}},{"start":{},"end":{}}],"line":112},"11":{"loc":{"start":{"line":124,"column":6},"end":{"line":128,"column":7}},"type":"if","locations":[{"start":{"line":124,"column":6},"end":{"line":128,"column":7}},{"start":{},"end":{}}],"line":124},"12":{"loc":{"start":{"line":142,"column":4},"end":{"line":144,"column":5}},"type":"if","locations":[{"start":{"line":142,"column":4},"end":{"line":144,"column":5}},{"start":{},"end":{}}],"line":142}},"s":{"0":30,"1":30,"2":30,"3":19,"4":19,"5":19,"6":19,"7":4,"8":7,"9":7,"10":7,"11":28,"12":28,"13":28,"14":26,"15":7,"16":7,"17":26,"18":36,"19":26,"20":26,"21":1,"22":1,"23":1,"24":1,"25":23,"26":7,"27":5,"28":7,"29":7,"30":7,"31":7,"32":16,"33":1,"34":24,"35":13,"36":13,"37":13,"38":14,"39":14,"40":14,"41":14,"42":0,"43":0,"44":0,"45":0,"46":0,"47":0,"48":0,"49":13,"50":11,"51":1,"52":1,"53":10,"54":10,"55":23,"56":0,"57":23,"58":23,"59":23,"60":23},"f":{"0":30,"1":4,"2":7,"3":7,"4":36,"5":1,"6":23,"7":24,"8":23},"b":{"0":[3],"1":[19,11],"2":[26,2],"3":[36,5],"4":[26,0],"5":[7,16],"6":[5,2],"7":[1,15],"8":[13,11],"9":[0,14],"10":[0,0],"11":[1,10],"12":[0,23]},"_coverageSchema":"1a1c01bbd47fc00a2c39e90264f33305004495a9","hash":"f08e7646745a1cebcf957468cc6393f78200ffc4"}
,"/home/franbtt/repos/top-project-battleship/src/js/modules/Ship.js": {"path":"/home/franbtt/repos/top-project-battleship/src/js/modules/Ship.js","statementMap":{"0":{"start":{"line":7,"column":4},"end":{"line":7,"column":25}},"1":{"start":{"line":8,"column":4},"end":{"line":8,"column":18}},"2":{"start":{"line":12,"column":4},"end":{"line":14,"column":5}},"3":{"start":{"line":13,"column":6},"end":{"line":13,"column":18}},"4":{"start":{"line":18,"column":4},"end":{"line":18,"column":36}}},"fnMap":{"0":{"name":"(anonymous_0)","decl":{"start":{"line":6,"column":2},"end":{"line":6,"column":3}},"loc":{"start":{"line":6,"column":22},"end":{"line":9,"column":3}},"line":6},"1":{"name":"(anonymous_1)","decl":{"start":{"line":11,"column":2},"end":{"line":11,"column":3}},"loc":{"start":{"line":11,"column":8},"end":{"line":15,"column":3}},"line":11},"2":{"name":"(anonymous_2)","decl":{"start":{"line":17,"column":2},"end":{"line":17,"column":3}},"loc":{"start":{"line":17,"column":11},"end":{"line":19,"column":3}},"line":17}},"branchMap":{"0":{"loc":{"start":{"line":12,"column":4},"end":{"line":14,"column":5}},"type":"if","locations":[{"start":{"line":12,"column":4},"end":{"line":14,"column":5}},{"start":{},"end":{}}],"line":12}},"s":{"0":85,"1":85,"2":35,"3":34,"4":70},"f":{"0":85,"1":35,"2":70},"b":{"0":[34,1]},"_coverageSchema":"1a1c01bbd47fc00a2c39e90264f33305004495a9","hash":"04cf9f6c99d5e2e4019eff148a643ed38ceac101"}
,"/home/franbtt/repos/top-project-battleship/src/js/modules/UIManager.js": {"path":"/home/franbtt/repos/top-project-battleship/src/js/modules/UIManager.js","statementMap":{"0":{"start":{"line":9,"column":14},"end":{"line":9,"column":39}},"1":{"start":{"line":15,"column":4},"end":{"line":15,"column":21}},"2":{"start":{"line":16,"column":4},"end":{"line":16,"column":30}},"3":{"start":{"line":18,"column":4},"end":{"line":18,"column":32}},"4":{"start":{"line":19,"column":4},"end":{"line":19,"column":31}},"5":{"start":{"line":20,"column":4},"end":{"line":20,"column":27}},"6":{"start":{"line":22,"column":4},"end":{"line":22,"column":29}},"7":{"start":{"line":27,"column":4},"end":{"line":27,"column":76}},"8":{"start":{"line":28,"column":4},"end":{"line":30,"column":6}},"9":{"start":{"line":31,"column":4},"end":{"line":31,"column":79}},"10":{"start":{"line":32,"column":4},"end":{"line":34,"column":6}},"11":{"start":{"line":36,"column":4},"end":{"line":36,"column":62}},"12":{"start":{"line":37,"column":4},"end":{"line":37,"column":62}},"13":{"start":{"line":39,"column":4},"end":{"line":39,"column":66}},"14":{"start":{"line":40,"column":4},"end":{"line":40,"column":68}},"15":{"start":{"line":43,"column":4},"end":{"line":45,"column":5}},"16":{"start":{"line":44,"column":6},"end":{"line":44,"column":73}},"17":{"start":{"line":49,"column":4},"end":{"line":51,"column":5}},"18":{"start":{"line":50,"column":6},"end":{"line":50,"column":75}},"19":{"start":{"line":50,"column":54},"end":{"line":50,"column":73}},"20":{"start":{"line":56,"column":4},"end":{"line":64,"column":5}},"21":{"start":{"line":57,"column":6},"end":{"line":59,"column":9}},"22":{"start":{"line":58,"column":8},"end":{"line":58,"column":36}},"23":{"start":{"line":61,"column":6},"end":{"line":63,"column":9}},"24":{"start":{"line":62,"column":8},"end":{"line":62,"column":39}},"25":{"start":{"line":68,"column":23},"end":{"line":68,"column":68}},"26":{"start":{"line":69,"column":26},"end":{"line":69,"column":74}},"27":{"start":{"line":71,"column":4},"end":{"line":87,"column":5}},"28":{"start":{"line":72,"column":6},"end":{"line":72,"column":44}},"29":{"start":{"line":73,"column":6},"end":{"line":73,"column":41}},"30":{"start":{"line":74,"column":6},"end":{"line":74,"column":44}},"31":{"start":{"line":75,"column":6},"end":{"line":75,"column":47}},"32":{"start":{"line":77,"column":6},"end":{"line":77,"column":48}},"33":{"start":{"line":78,"column":6},"end":{"line":78,"column":52}},"34":{"start":{"line":80,"column":6},"end":{"line":80,"column":41}},"35":{"start":{"line":81,"column":6},"end":{"line":81,"column":44}},"36":{"start":{"line":82,"column":6},"end":{"line":82,"column":47}},"37":{"start":{"line":83,"column":6},"end":{"line":83,"column":44}},"38":{"start":{"line":85,"column":6},"end":{"line":85,"column":51}},"39":{"start":{"line":86,"column":6},"end":{"line":86,"column":49}},"40":{"start":{"line":92,"column":4},"end":{"line":92,"column":34}},"41":{"start":{"line":93,"column":4},"end":{"line":93,"column":29}},"42":{"start":{"line":94,"column":4},"end":{"line":94,"column":26}},"43":{"start":{"line":97,"column":4},"end":{"line":99,"column":5}},"44":{"start":{"line":98,"column":6},"end":{"line":98,"column":34}},"45":{"start":{"line":101,"column":4},"end":{"line":101,"column":32}},"46":{"start":{"line":102,"column":4},"end":{"line":102,"column":35}},"47":{"start":{"line":104,"column":4},"end":{"line":104,"column":27}},"48":{"start":{"line":106,"column":4},"end":{"line":106,"column":59}},"49":{"start":{"line":108,"column":4},"end":{"line":112,"column":5}},"50":{"start":{"line":109,"column":6},"end":{"line":110,"column":99}},"51":{"start":{"line":111,"column":6},"end":{"line":111,"column":29}},"52":{"start":{"line":115,"column":4},"end":{"line":121,"column":13}},"53":{"start":{"line":117,"column":6},"end":{"line":119,"column":7}},"54":{"start":{"line":118,"column":8},"end":{"line":118,"column":39}},"55":{"start":{"line":120,"column":6},"end":{"line":120,"column":59}},"56":{"start":{"line":126,"column":21},"end":{"line":126,"column":38}},"57":{"start":{"line":128,"column":4},"end":{"line":128,"column":62}},"58":{"start":{"line":129,"column":4},"end":{"line":129,"column":69}},"59":{"start":{"line":132,"column":4},"end":{"line":132,"column":63}},"60":{"start":{"line":135,"column":4},"end":{"line":139,"column":5}},"61":{"start":{"line":136,"column":6},"end":{"line":137,"column":91}},"62":{"start":{"line":138,"column":6},"end":{"line":138,"column":29}},"63":{"start":{"line":142,"column":4},"end":{"line":142,"column":32}},"64":{"start":{"line":146,"column":4},"end":{"line":146,"column":63}},"65":{"start":{"line":147,"column":4},"end":{"line":147,"column":70}},"66":{"start":{"line":153,"column":6},"end":{"line":155,"column":35}},"67":{"start":{"line":158,"column":6},"end":{"line":158,"column":78}},"68":{"start":{"line":161,"column":23},"end":{"line":161,"column":25}},"69":{"start":{"line":162,"column":4},"end":{"line":162,"column":60}},"70":{"start":{"line":162,"column":26},"end":{"line":162,"column":60}},"71":{"start":{"line":163,"column":4},"end":{"line":163,"column":58}},"72":{"start":{"line":163,"column":25},"end":{"line":163,"column":58}},"73":{"start":{"line":166,"column":24},"end":{"line":168,"column":5}},"74":{"start":{"line":167,"column":46},"end":{"line":167,"column":57}},"75":{"start":{"line":171,"column":4},"end":{"line":231,"column":7}},"76":{"start":{"line":173,"column":6},"end":{"line":173,"column":31}},"77":{"start":{"line":176,"column":6},"end":{"line":230,"column":7}},"78":{"start":{"line":176,"column":21},"end":{"line":176,"column":22}},"79":{"start":{"line":177,"column":8},"end":{"line":229,"column":9}},"80":{"start":{"line":177,"column":23},"end":{"line":177,"column":24}},"81":{"start":{"line":179,"column":23},"end":{"line":179,"column":52}},"82":{"start":{"line":180,"column":10},"end":{"line":180,"column":45}},"83":{"start":{"line":181,"column":10},"end":{"line":181,"column":33}},"84":{"start":{"line":182,"column":10},"end":{"line":182,"column":33}},"85":{"start":{"line":185,"column":30},"end":{"line":185,"column":55}},"86":{"start":{"line":186,"column":27},"end":{"line":186,"column":59}},"87":{"start":{"line":189,"column":10},"end":{"line":211,"column":11}},"88":{"start":{"line":191,"column":25},"end":{"line":191,"column":36}},"89":{"start":{"line":192,"column":12},"end":{"line":198,"column":13}},"90":{"start":{"line":193,"column":14},"end":{"line":193,"column":48}},"91":{"start":{"line":194,"column":14},"end":{"line":194,"column":42}},"92":{"start":{"line":196,"column":14},"end":{"line":196,"column":47}},"93":{"start":{"line":197,"column":14},"end":{"line":197,"column":41}},"94":{"start":{"line":199,"column":17},"end":{"line":211,"column":11}},"95":{"start":{"line":201,"column":12},"end":{"line":201,"column":46}},"96":{"start":{"line":202,"column":12},"end":{"line":202,"column":40}},"97":{"start":{"line":203,"column":17},"end":{"line":211,"column":11}},"98":{"start":{"line":205,"column":12},"end":{"line":205,"column":46}},"99":{"start":{"line":206,"column":12},"end":{"line":206,"column":40}},"100":{"start":{"line":209,"column":12},"end":{"line":209,"column":47}},"101":{"start":{"line":210,"column":12},"end":{"line":210,"column":41}},"102":{"start":{"line":214,"column":10},"end":{"line":225,"column":11}},"103":{"start":{"line":215,"column":12},"end":{"line":224,"column":15}},"104":{"start":{"line":216,"column":14},"end":{"line":216,"column":34}},"105":{"start":{"line":217,"column":14},"end":{"line":223,"column":15}},"106":{"start":{"line":222,"column":16},"end":{"line":222,"column":50}},"107":{"start":{"line":228,"column":10},"end":{"line":228,"column":38}},"108":{"start":{"line":236,"column":4},"end":{"line":238,"column":5}},"109":{"start":{"line":237,"column":6},"end":{"line":237,"column":45}},"110":{"start":{"line":242,"column":23},"end":{"line":242,"column":61}},"111":{"start":{"line":243,"column":4},"end":{"line":243,"column":28}},"112":{"start":{"line":243,"column":21},"end":{"line":243,"column":28}},"113":{"start":{"line":246,"column":17},"end":{"line":246,"column":66}},"114":{"start":{"line":247,"column":4},"end":{"line":247,"column":97}},"115":{"start":{"line":250,"column":4},"end":{"line":250,"column":63}},"116":{"start":{"line":253,"column":4},"end":{"line":255,"column":7}},"117":{"start":{"line":254,"column":6},"end":{"line":254,"column":42}},"118":{"start":{"line":260,"column":4},"end":{"line":263,"column":5}},"119":{"start":{"line":261,"column":6},"end":{"line":261,"column":55}},"120":{"start":{"line":262,"column":6},"end":{"line":262,"column":13}},"121":{"start":{"line":265,"column":4},"end":{"line":268,"column":5}},"122":{"start":{"line":266,"column":6},"end":{"line":266,"column":47}},"123":{"start":{"line":267,"column":6},"end":{"line":267,"column":13}},"124":{"start":{"line":270,"column":19},"end":{"line":270,"column":48}},"125":{"start":{"line":272,"column":4},"end":{"line":275,"column":5}},"126":{"start":{"line":273,"column":6},"end":{"line":273,"column":59}},"127":{"start":{"line":274,"column":6},"end":{"line":274,"column":13}},"128":{"start":{"line":277,"column":4},"end":{"line":277,"column":70}},"129":{"start":{"line":279,"column":23},"end":{"line":279,"column":78}},"130":{"start":{"line":280,"column":4},"end":{"line":280,"column":58}},"131":{"start":{"line":282,"column":4},"end":{"line":287,"column":5}},"132":{"start":{"line":283,"column":6},"end":{"line":283,"column":41}},"133":{"start":{"line":284,"column":6},"end":{"line":284,"column":42}},"134":{"start":{"line":285,"column":6},"end":{"line":285,"column":32}},"135":{"start":{"line":286,"column":6},"end":{"line":286,"column":13}},"136":{"start":{"line":290,"column":4},"end":{"line":310,"column":5}},"137":{"start":{"line":291,"column":6},"end":{"line":309,"column":7}},"138":{"start":{"line":293,"column":8},"end":{"line":293,"column":61}},"139":{"start":{"line":296,"column":8},"end":{"line":303,"column":17}},"140":{"start":{"line":297,"column":10},"end":{"line":297,"column":38}},"141":{"start":{"line":300,"column":10},"end":{"line":302,"column":18}},"142":{"start":{"line":301,"column":12},"end":{"line":301,"column":39}},"143":{"start":{"line":306,"column":8},"end":{"line":308,"column":17}},"144":{"start":{"line":307,"column":10},"end":{"line":307,"column":37}},"145":{"start":{"line":315,"column":4},"end":{"line":317,"column":5}},"146":{"start":{"line":316,"column":6},"end":{"line":316,"column":13}},"147":{"start":{"line":319,"column":4},"end":{"line":321,"column":5}},"148":{"start":{"line":320,"column":6},"end":{"line":320,"column":13}},"149":{"start":{"line":323,"column":19},"end":{"line":323,"column":43}},"150":{"start":{"line":325,"column":4},"end":{"line":328,"column":5}},"151":{"start":{"line":326,"column":6},"end":{"line":326,"column":66}},"152":{"start":{"line":327,"column":6},"end":{"line":327,"column":13}},"153":{"start":{"line":330,"column":4},"end":{"line":330,"column":63}},"154":{"start":{"line":332,"column":23},"end":{"line":332,"column":78}},"155":{"start":{"line":333,"column":4},"end":{"line":333,"column":60}},"156":{"start":{"line":335,"column":4},"end":{"line":340,"column":5}},"157":{"start":{"line":336,"column":6},"end":{"line":336,"column":40}},"158":{"start":{"line":337,"column":6},"end":{"line":337,"column":41}},"159":{"start":{"line":338,"column":6},"end":{"line":338,"column":32}},"160":{"start":{"line":339,"column":6},"end":{"line":339,"column":13}},"161":{"start":{"line":343,"column":4},"end":{"line":349,"column":13}},"162":{"start":{"line":345,"column":6},"end":{"line":347,"column":7}},"163":{"start":{"line":346,"column":8},"end":{"line":346,"column":39}},"164":{"start":{"line":348,"column":6},"end":{"line":348,"column":62}}},"fnMap":{"0":{"name":"(anonymous_0)","decl":{"start":{"line":14,"column":2},"end":{"line":14,"column":3}},"loc":{"start":{"line":14,"column":20},"end":{"line":23,"column":3}},"line":14},"1":{"name":"(anonymous_1)","decl":{"start":{"line":26,"column":2},"end":{"line":26,"column":3}},"loc":{"start":{"line":26,"column":25},"end":{"line":46,"column":3}},"line":26},"2":{"name":"(anonymous_2)","decl":{"start":{"line":48,"column":2},"end":{"line":48,"column":3}},"loc":{"start":{"line":48,"column":24},"end":{"line":52,"column":3}},"line":48},"3":{"name":"(anonymous_3)","decl":{"start":{"line":50,"column":48},"end":{"line":50,"column":49}},"loc":{"start":{"line":50,"column":54},"end":{"line":50,"column":73}},"line":50},"4":{"name":"(anonymous_4)","decl":{"start":{"line":55,"column":2},"end":{"line":55,"column":3}},"loc":{"start":{"line":55,"column":20},"end":{"line":65,"column":3}},"line":55},"5":{"name":"(anonymous_5)","decl":{"start":{"line":57,"column":50},"end":{"line":57,"column":51}},"loc":{"start":{"line":57,"column":56},"end":{"line":59,"column":7}},"line":57},"6":{"name":"(anonymous_6)","decl":{"start":{"line":61,"column":51},"end":{"line":61,"column":52}},"loc":{"start":{"line":61,"column":57},"end":{"line":63,"column":7}},"line":61},"7":{"name":"(anonymous_7)","decl":{"start":{"line":67,"column":2},"end":{"line":67,"column":3}},"loc":{"start":{"line":67,"column":27},"end":{"line":88,"column":3}},"line":67},"8":{"name":"(anonymous_8)","decl":{"start":{"line":91,"column":2},"end":{"line":91,"column":3}},"loc":{"start":{"line":91,"column":17},"end":{"line":122,"column":3}},"line":91},"9":{"name":"(anonymous_9)","decl":{"start":{"line":115,"column":15},"end":{"line":115,"column":16}},"loc":{"start":{"line":115,"column":21},"end":{"line":121,"column":5}},"line":115},"10":{"name":"(anonymous_10)","decl":{"start":{"line":124,"column":2},"end":{"line":124,"column":3}},"loc":{"start":{"line":124,"column":22},"end":{"line":143,"column":3}},"line":124},"11":{"name":"(anonymous_11)","decl":{"start":{"line":145,"column":2},"end":{"line":145,"column":3}},"loc":{"start":{"line":145,"column":20},"end":{"line":148,"column":3}},"line":145},"12":{"name":"(anonymous_12)","decl":{"start":{"line":150,"column":2},"end":{"line":150,"column":3}},"loc":{"start":{"line":150,"column":47},"end":{"line":232,"column":3}},"line":150},"13":{"name":"(anonymous_13)","decl":{"start":{"line":167,"column":34},"end":{"line":167,"column":35}},"loc":{"start":{"line":167,"column":46},"end":{"line":167,"column":57}},"line":167},"14":{"name":"(anonymous_14)","decl":{"start":{"line":171,"column":23},"end":{"line":171,"column":24}},"loc":{"start":{"line":171,"column":38},"end":{"line":231,"column":5}},"line":171},"15":{"name":"(anonymous_15)","decl":{"start":{"line":215,"column":43},"end":{"line":215,"column":44}},"loc":{"start":{"line":215,"column":50},"end":{"line":224,"column":13}},"line":215},"16":{"name":"(anonymous_16)","decl":{"start":{"line":235,"column":2},"end":{"line":235,"column":3}},"loc":{"start":{"line":235,"column":29},"end":{"line":239,"column":3}},"line":235},"17":{"name":"(anonymous_17)","decl":{"start":{"line":241,"column":2},"end":{"line":241,"column":3}},"loc":{"start":{"line":241,"column":28},"end":{"line":256,"column":3}},"line":241},"18":{"name":"(anonymous_18)","decl":{"start":{"line":253,"column":47},"end":{"line":253,"column":48}},"loc":{"start":{"line":253,"column":57},"end":{"line":255,"column":5}},"line":253},"19":{"name":"(anonymous_19)","decl":{"start":{"line":258,"column":2},"end":{"line":258,"column":3}},"loc":{"start":{"line":258,"column":31},"end":{"line":311,"column":3}},"line":258},"20":{"name":"(anonymous_20)","decl":{"start":{"line":296,"column":19},"end":{"line":296,"column":20}},"loc":{"start":{"line":296,"column":25},"end":{"line":303,"column":9}},"line":296},"21":{"name":"(anonymous_21)","decl":{"start":{"line":300,"column":21},"end":{"line":300,"column":22}},"loc":{"start":{"line":300,"column":27},"end":{"line":302,"column":11}},"line":300},"22":{"name":"(anonymous_22)","decl":{"start":{"line":306,"column":19},"end":{"line":306,"column":20}},"loc":{"start":{"line":306,"column":25},"end":{"line":308,"column":9}},"line":306},"23":{"name":"(anonymous_23)","decl":{"start":{"line":313,"column":2},"end":{"line":313,"column":3}},"loc":{"start":{"line":313,"column":24},"end":{"line":350,"column":3}},"line":313},"24":{"name":"(anonymous_24)","decl":{"start":{"line":343,"column":15},"end":{"line":343,"column":16}},"loc":{"start":{"line":343,"column":21},"end":{"line":349,"column":5}},"line":343}},"branchMap":{"0":{"loc":{"start":{"line":43,"column":4},"end":{"line":45,"column":5}},"type":"if","locations":[{"start":{"line":43,"column":4},"end":{"line":45,"column":5}},{"start":{},"end":{}}],"line":43},"1":{"loc":{"start":{"line":43,"column":8},"end":{"line":43,"column":61}},"type":"binary-expr","locations":[{"start":{"line":43,"column":8},"end":{"line":43,"column":31}},{"start":{"line":43,"column":35},"end":{"line":43,"column":61}}],"line":43},"2":{"loc":{"start":{"line":49,"column":4},"end":{"line":51,"column":5}},"type":"if","locations":[{"start":{"line":49,"column":4},"end":{"line":51,"column":5}},{"start":{},"end":{}}],"line":49},"3":{"loc":{"start":{"line":56,"column":4},"end":{"line":64,"column":5}},"type":"if","locations":[{"start":{"line":56,"column":4},"end":{"line":64,"column":5}},{"start":{},"end":{}}],"line":56},"4":{"loc":{"start":{"line":56,"column":8},"end":{"line":56,"column":47}},"type":"binary-expr","locations":[{"start":{"line":56,"column":8},"end":{"line":56,"column":25}},{"start":{"line":56,"column":29},"end":{"line":56,"column":47}}],"line":56},"5":{"loc":{"start":{"line":71,"column":4},"end":{"line":87,"column":5}},"type":"if","locations":[{"start":{"line":71,"column":4},"end":{"line":87,"column":5}},{"start":{"line":79,"column":11},"end":{"line":87,"column":5}}],"line":71},"6":{"loc":{"start":{"line":97,"column":4},"end":{"line":99,"column":5}},"type":"if","locations":[{"start":{"line":97,"column":4},"end":{"line":99,"column":5}},{"start":{},"end":{}}],"line":97},"7":{"loc":{"start":{"line":108,"column":4},"end":{"line":112,"column":5}},"type":"if","locations":[{"start":{"line":108,"column":4},"end":{"line":112,"column":5}},{"start":{},"end":{}}],"line":108},"8":{"loc":{"start":{"line":117,"column":6},"end":{"line":119,"column":7}},"type":"if","locations":[{"start":{"line":117,"column":6},"end":{"line":119,"column":7}},{"start":{},"end":{}}],"line":117},"9":{"loc":{"start":{"line":135,"column":4},"end":{"line":139,"column":5}},"type":"if","locations":[{"start":{"line":135,"column":4},"end":{"line":139,"column":5}},{"start":{},"end":{}}],"line":135},"10":{"loc":{"start":{"line":153,"column":6},"end":{"line":155,"column":35}},"type":"cond-expr","locations":[{"start":{"line":154,"column":10},"end":{"line":154,"column":32}},{"start":{"line":155,"column":10},"end":{"line":155,"column":35}}],"line":153},"11":{"loc":{"start":{"line":158,"column":6},"end":{"line":158,"column":78}},"type":"cond-expr","locations":[{"start":{"line":158,"column":30},"end":{"line":158,"column":51}},{"start":{"line":158,"column":54},"end":{"line":158,"column":78}}],"line":158},"12":{"loc":{"start":{"line":162,"column":4},"end":{"line":162,"column":60}},"type":"if","locations":[{"start":{"line":162,"column":4},"end":{"line":162,"column":60}},{"start":{},"end":{}}],"line":162},"13":{"loc":{"start":{"line":163,"column":4},"end":{"line":163,"column":58}},"type":"if","locations":[{"start":{"line":163,"column":4},"end":{"line":163,"column":58}},{"start":{},"end":{}}],"line":163},"14":{"loc":{"start":{"line":189,"column":10},"end":{"line":211,"column":11}},"type":"if","locations":[{"start":{"line":189,"column":10},"end":{"line":211,"column":11}},{"start":{"line":199,"column":17},"end":{"line":211,"column":11}}],"line":189},"15":{"loc":{"start":{"line":189,"column":14},"end":{"line":189,"column":37}},"type":"binary-expr","locations":[{"start":{"line":189,"column":14},"end":{"line":189,"column":22}},{"start":{"line":189,"column":26},"end":{"line":189,"column":37}}],"line":189},"16":{"loc":{"start":{"line":192,"column":12},"end":{"line":198,"column":13}},"type":"if","locations":[{"start":{"line":192,"column":12},"end":{"line":198,"column":13}},{"start":{"line":195,"column":19},"end":{"line":198,"column":13}}],"line":192},"17":{"loc":{"start":{"line":199,"column":17},"end":{"line":211,"column":11}},"type":"if","locations":[{"start":{"line":199,"column":17},"end":{"line":211,"column":11}},{"start":{"line":203,"column":17},"end":{"line":211,"column":11}}],"line":199},"18":{"loc":{"start":{"line":199,"column":21},"end":{"line":199,"column":45}},"type":"binary-expr","locations":[{"start":{"line":199,"column":21},"end":{"line":199,"column":29}},{"start":{"line":199,"column":33},"end":{"line":199,"column":45}}],"line":199},"19":{"loc":{"start":{"line":203,"column":17},"end":{"line":211,"column":11}},"type":"if","locations":[{"start":{"line":203,"column":17},"end":{"line":211,"column":11}},{"start":{"line":207,"column":17},"end":{"line":211,"column":11}}],"line":203},"20":{"loc":{"start":{"line":203,"column":21},"end":{"line":203,"column":58}},"type":"binary-expr","locations":[{"start":{"line":203,"column":21},"end":{"line":203,"column":30}},{"start":{"line":203,"column":34},"end":{"line":203,"column":45}},{"start":{"line":203,"column":49},"end":{"line":203,"column":58}}],"line":203},"21":{"loc":{"start":{"line":214,"column":10},"end":{"line":225,"column":11}},"type":"if","locations":[{"start":{"line":214,"column":10},"end":{"line":225,"column":11}},{"start":{},"end":{}}],"line":214},"22":{"loc":{"start":{"line":214,"column":14},"end":{"line":214,"column":51}},"type":"binary-expr","locations":[{"start":{"line":214,"column":14},"end":{"line":214,"column":38}},{"start":{"line":214,"column":42},"end":{"line":214,"column":51}}],"line":214},"23":{"loc":{"start":{"line":217,"column":14},"end":{"line":223,"column":15}},"type":"if","locations":[{"start":{"line":217,"column":14},"end":{"line":223,"column":15}},{"start":{},"end":{}}],"line":217},"24":{"loc":{"start":{"line":218,"column":16},"end":{"line":220,"column":59}},"type":"binary-expr","locations":[{"start":{"line":218,"column":16},"end":{"line":218,"column":33}},{"start":{"line":219,"column":16},"end":{"line":219,"column":35}},{"start":{"line":220,"column":16},"end":{"line":220,"column":59}}],"line":218},"25":{"loc":{"start":{"line":236,"column":4},"end":{"line":238,"column":5}},"type":"if","locations":[{"start":{"line":236,"column":4},"end":{"line":238,"column":5}},{"start":{},"end":{}}],"line":236},"26":{"loc":{"start":{"line":243,"column":4},"end":{"line":243,"column":28}},"type":"if","locations":[{"start":{"line":243,"column":4},"end":{"line":243,"column":28}},{"start":{},"end":{}}],"line":243},"27":{"loc":{"start":{"line":246,"column":17},"end":{"line":246,"column":66}},"type":"cond-expr","locations":[{"start":{"line":246,"column":38},"end":{"line":246,"column":51}},{"start":{"line":246,"column":54},"end":{"line":246,"column":66}}],"line":246},"28":{"loc":{"start":{"line":247,"column":44},"end":{"line":247,"column":87}},"type":"cond-expr","locations":[{"start":{"line":247,"column":65},"end":{"line":247,"column":75}},{"start":{"line":247,"column":78},"end":{"line":247,"column":87}}],"line":247},"29":{"loc":{"start":{"line":260,"column":4},"end":{"line":263,"column":5}},"type":"if","locations":[{"start":{"line":260,"column":4},"end":{"line":263,"column":5}},{"start":{},"end":{}}],"line":260},"30":{"loc":{"start":{"line":260,"column":8},"end":{"line":260,"column":48}},"type":"binary-expr","locations":[{"start":{"line":260,"column":8},"end":{"line":260,"column":26}},{"start":{"line":260,"column":30},"end":{"line":260,"column":48}}],"line":260},"31":{"loc":{"start":{"line":265,"column":4},"end":{"line":268,"column":5}},"type":"if","locations":[{"start":{"line":265,"column":4},"end":{"line":268,"column":5}},{"start":{},"end":{}}],"line":265},"32":{"loc":{"start":{"line":272,"column":4},"end":{"line":275,"column":5}},"type":"if","locations":[{"start":{"line":272,"column":4},"end":{"line":275,"column":5}},{"start":{},"end":{}}],"line":272},"33":{"loc":{"start":{"line":279,"column":23},"end":{"line":279,"column":78}},"type":"cond-expr","locations":[{"start":{"line":279,"column":39},"end":{"line":279,"column":66}},{"start":{"line":279,"column":69},"end":{"line":279,"column":78}}],"line":279},"34":{"loc":{"start":{"line":282,"column":4},"end":{"line":287,"column":5}},"type":"if","locations":[{"start":{"line":282,"column":4},"end":{"line":287,"column":5}},{"start":{},"end":{}}],"line":282},"35":{"loc":{"start":{"line":282,"column":8},"end":{"line":282,"column":52}},"type":"binary-expr","locations":[{"start":{"line":282,"column":8},"end":{"line":282,"column":23}},{"start":{"line":282,"column":27},"end":{"line":282,"column":52}}],"line":282},"36":{"loc":{"start":{"line":290,"column":4},"end":{"line":310,"column":5}},"type":"if","locations":[{"start":{"line":290,"column":4},"end":{"line":310,"column":5}},{"start":{},"end":{}}],"line":290},"37":{"loc":{"start":{"line":291,"column":6},"end":{"line":309,"column":7}},"type":"if","locations":[{"start":{"line":291,"column":6},"end":{"line":309,"column":7}},{"start":{"line":304,"column":13},"end":{"line":309,"column":7}}],"line":291},"38":{"loc":{"start":{"line":315,"column":4},"end":{"line":317,"column":5}},"type":"if","locations":[{"start":{"line":315,"column":4},"end":{"line":317,"column":5}},{"start":{},"end":{}}],"line":315},"39":{"loc":{"start":{"line":315,"column":8},"end":{"line":315,"column":48}},"type":"binary-expr","locations":[{"start":{"line":315,"column":8},"end":{"line":315,"column":26}},{"start":{"line":315,"column":30},"end":{"line":315,"column":48}}],"line":315},"40":{"loc":{"start":{"line":319,"column":4},"end":{"line":321,"column":5}},"type":"if","locations":[{"start":{"line":319,"column":4},"end":{"line":321,"column":5}},{"start":{},"end":{}}],"line":319},"41":{"loc":{"start":{"line":325,"column":4},"end":{"line":328,"column":5}},"type":"if","locations":[{"start":{"line":325,"column":4},"end":{"line":328,"column":5}},{"start":{},"end":{}}],"line":325},"42":{"loc":{"start":{"line":332,"column":23},"end":{"line":332,"column":78}},"type":"cond-expr","locations":[{"start":{"line":332,"column":39},"end":{"line":332,"column":66}},{"start":{"line":332,"column":69},"end":{"line":332,"column":78}}],"line":332},"43":{"loc":{"start":{"line":335,"column":4},"end":{"line":340,"column":5}},"type":"if","locations":[{"start":{"line":335,"column":4},"end":{"line":340,"column":5}},{"start":{},"end":{}}],"line":335},"44":{"loc":{"start":{"line":335,"column":8},"end":{"line":335,"column":55}},"type":"binary-expr","locations":[{"start":{"line":335,"column":8},"end":{"line":335,"column":23}},{"start":{"line":335,"column":27},"end":{"line":335,"column":55}}],"line":335},"45":{"loc":{"start":{"line":345,"column":6},"end":{"line":347,"column":7}},"type":"if","locations":[{"start":{"line":345,"column":6},"end":{"line":347,"column":7}},{"start":{},"end":{}}],"line":345}},"s":{"0":0,"1":0,"2":0,"3":0,"4":0,"5":0,"6":0,"7":0,"8":0,"9":0,"10":0,"11":0,"12":0,"13":0,"14":0,"15":0,"16":0,"17":0,"18":0,"19":0,"20":0,"21":0,"22":0,"23":0,"24":0,"25":0,"26":0,"27":0,"28":0,"29":0,"30":0,"31":0,"32":0,"33":0,"34":0,"35":0,"36":0,"37":0,"38":0,"39":0,"40":0,"41":0,"42":0,"43":0,"44":0,"45":0,"46":0,"47":0,"48":0,"49":0,"50":0,"51":0,"52":0,"53":0,"54":0,"55":0,"56":0,"57":0,"58":0,"59":0,"60":0,"61":0,"62":0,"63":0,"64":0,"65":0,"66":0,"67":0,"68":0,"69":0,"70":0,"71":0,"72":0,"73":0,"74":0,"75":0,"76":0,"77":0,"78":0,"79":0,"80":0,"81":0,"82":0,"83":0,"84":0,"85":0,"86":0,"87":0,"88":0,"89":0,"90":0,"91":0,"92":0,"93":0,"94":0,"95":0,"96":0,"97":0,"98":0,"99":0,"100":0,"101":0,"102":0,"103":0,"104":0,"105":0,"106":0,"107":0,"108":0,"109":0,"110":0,"111":0,"112":0,"113":0,"114":0,"115":0,"116":0,"117":0,"118":0,"119":0,"120":0,"121":0,"122":0,"123":0,"124":0,"125":0,"126":0,"127":0,"128":0,"129":0,"130":0,"131":0,"132":0,"133":0,"134":0,"135":0,"136":0,"137":0,"138":0,"139":0,"140":0,"141":0,"142":0,"143":0,"144":0,"145":0,"146":0,"147":0,"148":0,"149":0,"150":0,"151":0,"152":0,"153":0,"154":0,"155":0,"156":0,"157":0,"158":0,"159":0,"160":0,"161":0,"162":0,"163":0,"164":0},"f":{"0":0,"1":0,"2":0,"3":0,"4":0,"5":0,"6":0,"7":0,"8":0,"9":0,"10":0,"11":0,"12":0,"13":0,"14":0,"15":0,"16":0,"17":0,"18":0,"19":0,"20":0,"21":0,"22":0,"23":0,"24":0},"b":{"0":[0,0],"1":[0,0],"2":[0,0],"3":[0,0],"4":[0,0],"5":[0,0],"6":[0,0],"7":[0,0],"8":[0,0],"9":[0,0],"10":[0,0],"11":[0,0],"12":[0,0],"13":[0,0],"14":[0,0],"15":[0,0],"16":[0,0],"17":[0,0],"18":[0,0],"19":[0,0],"20":[0,0,0],"21":[0,0],"22":[0,0],"23":[0,0],"24":[0,0,0],"25":[0,0],"26":[0,0],"27":[0,0],"28":[0,0],"29":[0,0],"30":[0,0],"31":[0,0],"32":[0,0],"33":[0,0],"34":[0,0],"35":[0,0],"36":[0,0],"37":[0,0],"38":[0,0],"39":[0,0],"40":[0,0],"41":[0,0],"42":[0,0],"43":[0,0],"44":[0,0],"45":[0,0]}}
,"/home/franbtt/repos/top-project-battleship/src/js/modules/icons.js": {"path":"/home/franbtt/repos/top-project-battleship/src/js/modules/icons.js","statementMap":{"0":{"start":{"line":5,"column":21},"end":{"line":35,"column":1}}},"fnMap":{},"branchMap":{},"s":{"0":0},"f":{},"b":{}}
}
