TN:
SF:src/js/index.js
FNF:0
FNH:0
DA:3,0
DA:9,0
DA:10,0
DA:11,0
DA:14,0
DA:15,0
DA:16,0
DA:20,0
LF:8
LH:0
BRDA:15,0,0,0
BRDA:15,0,1,0
BRF:2
BRH:0
end_of_record
TN:
SF:src/js/modules/Game.js
FN:10,(anonymous_0)
FN:24,(anonymous_1)
FN:29,(anonymous_2)
FN:33,(anonymous_3)
FN:52,(anonymous_4)
FN:57,(anonymous_5)
FN:62,(anonymous_6)
FN:104,(anonymous_7)
FNF:8
FNH:3
FNDA:8,(anonymous_0)
FNDA:9,(anonymous_1)
FNDA:0,(anonymous_2)
FNDA:0,(anonymous_3)
FNDA:0,(anonymous_4)
FNDA:0,(anonymous_5)
FNDA:4,(anonymous_6)
FNDA:0,(anonymous_7)
DA:12,8
DA:13,8
DA:16,8
DA:17,8
DA:25,9
DA:31,0
DA:33,0
DA:34,0
DA:37,0
DA:39,0
DA:41,0
DA:42,0
DA:46,0
DA:53,0
DA:58,0
DA:64,4
DA:65,2
DA:72,2
DA:75,2
DA:76,0
DA:83,2
DA:84,0
DA:85,0
DA:94,2
DA:96,2
DA:106,0
DA:107,0
DA:111,0
DA:114,0
DA:115,0
DA:116,0
DA:120,0
DA:122,0
LF:33
LH:12
BRDA:39,0,0,0
BRDA:39,0,1,0
BRDA:64,1,0,2
BRDA:64,1,1,2
BRDA:64,2,0,4
BRDA:64,2,1,3
BRDA:75,3,0,0
BRDA:75,3,1,2
BRDA:75,4,0,2
BRDA:75,4,1,2
BRDA:83,5,0,0
BRDA:83,5,1,2
BRDA:106,6,0,0
BRDA:106,6,1,0
BRDA:106,7,0,0
BRDA:106,7,1,0
BRDA:114,8,0,0
BRDA:114,8,1,0
BRF:18
BRH:8
end_of_record
TN:
SF:src/js/modules/Gameboard.js
FN:18,(anonymous_0)
FN:21,(anonymous_1)
FN:28,(anonymous_2)
FN:34,(anonymous_3)
FN:55,(anonymous_4)
FN:70,(anonymous_5)
FN:90,(anonymous_6)
FN:118,(anonymous_7)
FN:119,(anonymous_8)
FN:123,(anonymous_9)
FN:126,(anonymous_10)
FNF:11
FNH:11
FNDA:72,(anonymous_0)
FNDA:720,(anonymous_1)
FNDA:218,(anonymous_2)
FNDA:69,(anonymous_3)
FNDA:38,(anonymous_4)
FNDA:38,(anonymous_5)
FNDA:51,(anonymous_6)
FNDA:5,(anonymous_7)
FNDA:6,(anonymous_8)
FNDA:98,(anonymous_9)
FNDA:103,(anonymous_10)
DA:9,3
DA:10,3
DA:19,72
DA:21,720
DA:22,72
DA:23,72
DA:24,72
DA:29,218
DA:30,218
DA:35,69
DA:36,0
DA:39,69
DA:41,69
DA:42,58
DA:43,198
DA:45,11
DA:46,11
DA:47,33
DA:51,69
DA:56,38
DA:59,38
DA:60,116
DA:63,111
DA:66,31
DA:71,38
DA:72,7
DA:75,31
DA:81,31
DA:82,105
DA:85,31
DA:86,31
DA:92,51
DA:93,4
DA:99,47
DA:102,47
DA:104,47
DA:105,25
DA:107,25
DA:113,22
DA:114,22
DA:119,6
DA:124,98
DA:126,103
LF:43
LH:42
BRDA:30,0,0,218
BRDA:30,0,1,217
BRDA:30,0,2,212
BRDA:30,0,3,211
BRDA:35,1,0,0
BRDA:35,1,1,69
BRDA:35,2,0,69
BRDA:35,2,1,11
BRDA:41,3,0,58
BRDA:41,3,1,11
BRDA:45,4,0,11
BRDA:45,4,1,0
BRDA:60,5,0,5
BRDA:60,5,1,111
BRDA:63,6,0,2
BRDA:63,6,1,109
BRDA:71,7,0,7
BRDA:71,7,1,31
BRDA:92,8,0,4
BRDA:92,8,1,47
BRDA:93,9,0,3
BRDA:93,9,1,1
BRDA:104,10,0,25
BRDA:104,10,1,22
BRDA:107,11,0,5
BRDA:107,11,1,20
BRDA:119,12,0,5
BRDA:119,12,1,4
BRDA:125,13,0,98
BRDA:125,13,1,96
BRDA:126,14,0,103
BRDA:126,14,1,39
BRF:32
BRH:30
end_of_record
TN:
SF:src/js/modules/Player.js
FN:8,(anonymous_0)
FN:22,(anonymous_1)
FN:27,(anonymous_2)
FN:50,(anonymous_3)
FN:54,(anonymous_4)
FN:64,(anonymous_5)
FN:72,(anonymous_6)
FN:96,(anonymous_7)
FN:141,(anonymous_8)
FNF:9
FNH:9
FNDA:30,(anonymous_0)
FNDA:4,(anonymous_1)
FNDA:7,(anonymous_2)
FNDA:7,(anonymous_3)
FNDA:36,(anonymous_4)
FNDA:1,(anonymous_5)
FNDA:23,(anonymous_6)
FNDA:24,(anonymous_7)
FNDA:23,(anonymous_8)
DA:9,30
DA:10,30
DA:13,30
DA:14,19
DA:15,19
DA:16,19
DA:17,19
DA:23,4
DA:28,7
DA:29,7
DA:36,7
DA:37,28
DA:38,28
DA:41,28
DA:42,26
DA:46,7
DA:51,7
DA:53,26
DA:54,36
DA:57,26
DA:58,26
DA:65,1
DA:66,1
DA:67,1
DA:68,1
DA:73,23
DA:75,7
DA:76,5
DA:80,7
DA:81,7
DA:84,7
DA:85,7
DA:86,16
DA:88,1
DA:97,24
DA:100,13
DA:101,13
DA:103,13
DA:104,14
DA:105,14
DA:106,14
DA:108,14
DA:110,0
DA:111,0
DA:112,0
DA:113,0
DA:117,0
DA:121,13
DA:124,11
DA:126,1
DA:127,1
DA:130,10
DA:131,10
DA:142,23
DA:143,0
DA:147,23
DA:150,23
DA:153,23
DA:156,23
LF:59
LH:53
BRDA:8,0,0,3
BRDA:13,1,0,19
BRDA:13,1,1,11
BRDA:41,2,0,26
BRDA:41,2,1,2
BRDA:54,3,0,36
BRDA:54,3,1,5
BRDA:57,4,0,26
BRDA:57,4,1,0
BRDA:73,5,0,7
BRDA:73,5,1,16
BRDA:75,6,0,5
BRDA:75,6,1,2
BRDA:86,7,0,1
BRDA:86,7,1,15
BRDA:97,8,0,13
BRDA:97,8,1,11
BRDA:108,9,0,0
BRDA:108,9,1,14
BRDA:112,10,0,0
BRDA:112,10,1,0
BRDA:124,11,0,1
BRDA:124,11,1,10
BRDA:142,12,0,0
BRDA:142,12,1,23
BRF:25
BRH:20
end_of_record
TN:
SF:src/js/modules/Ship.js
FN:6,(anonymous_0)
FN:11,(anonymous_1)
FN:17,(anonymous_2)
FNF:3
FNH:3
FNDA:85,(anonymous_0)
FNDA:35,(anonymous_1)
FNDA:70,(anonymous_2)
DA:7,85
DA:8,85
DA:12,35
DA:13,34
DA:18,70
LF:5
LH:5
BRDA:12,0,0,34
BRDA:12,0,1,1
BRF:2
BRH:2
end_of_record
TN:
SF:src/js/modules/UIManager.js
FN:14,(anonymous_0)
FN:26,(anonymous_1)
FN:48,(anonymous_2)
FN:50,(anonymous_3)
FN:55,(anonymous_4)
FN:57,(anonymous_5)
FN:61,(anonymous_6)
FN:67,(anonymous_7)
FN:91,(anonymous_8)
FN:115,(anonymous_9)
FN:124,(anonymous_10)
FN:145,(anonymous_11)
FN:150,(anonymous_12)
FN:167,(anonymous_13)
FN:171,(anonymous_14)
FN:215,(anonymous_15)
FN:235,(anonymous_16)
FN:241,(anonymous_17)
FN:253,(anonymous_18)
FN:258,(anonymous_19)
FN:296,(anonymous_20)
FN:300,(anonymous_21)
FN:306,(anonymous_22)
FN:313,(anonymous_23)
FN:343,(anonymous_24)
FNF:25
FNH:0
FNDA:0,(anonymous_0)
FNDA:0,(anonymous_1)
FNDA:0,(anonymous_2)
FNDA:0,(anonymous_3)
FNDA:0,(anonymous_4)
FNDA:0,(anonymous_5)
FNDA:0,(anonymous_6)
FNDA:0,(anonymous_7)
FNDA:0,(anonymous_8)
FNDA:0,(anonymous_9)
FNDA:0,(anonymous_10)
FNDA:0,(anonymous_11)
FNDA:0,(anonymous_12)
FNDA:0,(anonymous_13)
FNDA:0,(anonymous_14)
FNDA:0,(anonymous_15)
FNDA:0,(anonymous_16)
FNDA:0,(anonymous_17)
FNDA:0,(anonymous_18)
FNDA:0,(anonymous_19)
FNDA:0,(anonymous_20)
FNDA:0,(anonymous_21)
FNDA:0,(anonymous_22)
FNDA:0,(anonymous_23)
FNDA:0,(anonymous_24)
DA:9,0
DA:15,0
DA:16,0
DA:18,0
DA:19,0
DA:20,0
DA:22,0
DA:27,0
DA:28,0
DA:31,0
DA:32,0
DA:36,0
DA:37,0
DA:39,0
DA:40,0
DA:43,0
DA:44,0
DA:49,0
DA:50,0
DA:56,0
DA:57,0
DA:58,0
DA:61,0
DA:62,0
DA:68,0
DA:69,0
DA:71,0
DA:72,0
DA:73,0
DA:74,0
DA:75,0
DA:77,0
DA:78,0
DA:80,0
DA:81,0
DA:82,0
DA:83,0
DA:85,0
DA:86,0
DA:92,0
DA:93,0
DA:94,0
DA:97,0
DA:98,0
DA:101,0
DA:102,0
DA:104,0
DA:106,0
DA:108,0
DA:109,0
DA:111,0
DA:115,0
DA:117,0
DA:118,0
DA:120,0
DA:126,0
DA:128,0
DA:129,0
DA:132,0
DA:135,0
DA:136,0
DA:138,0
DA:142,0
DA:146,0
DA:147,0
DA:153,0
DA:158,0
DA:161,0
DA:162,0
DA:163,0
DA:166,0
DA:167,0
DA:171,0
DA:173,0
DA:176,0
DA:177,0
DA:179,0
DA:180,0
DA:181,0
DA:182,0
DA:185,0
DA:186,0
DA:189,0
DA:191,0
DA:192,0
DA:193,0
DA:194,0
DA:196,0
DA:197,0
DA:199,0
DA:201,0
DA:202,0
DA:203,0
DA:205,0
DA:206,0
DA:209,0
DA:210,0
DA:214,0
DA:215,0
DA:216,0
DA:217,0
DA:222,0
DA:228,0
DA:236,0
DA:237,0
DA:242,0
DA:243,0
DA:246,0
DA:247,0
DA:250,0
DA:253,0
DA:254,0
DA:260,0
DA:261,0
DA:262,0
DA:265,0
DA:266,0
DA:267,0
DA:270,0
DA:272,0
DA:273,0
DA:274,0
DA:277,0
DA:279,0
DA:280,0
DA:282,0
DA:283,0
DA:284,0
DA:285,0
DA:286,0
DA:290,0
DA:291,0
DA:293,0
DA:296,0
DA:297,0
DA:300,0
DA:301,0
DA:306,0
DA:307,0
DA:315,0
DA:316,0
DA:319,0
DA:320,0
DA:323,0
DA:325,0
DA:326,0
DA:327,0
DA:330,0
DA:332,0
DA:333,0
DA:335,0
DA:336,0
DA:337,0
DA:338,0
DA:339,0
DA:343,0
DA:345,0
DA:346,0
DA:348,0
LF:159
LH:0
BRDA:43,0,0,0
BRDA:43,0,1,0
BRDA:43,1,0,0
BRDA:43,1,1,0
BRDA:49,2,0,0
BRDA:49,2,1,0
BRDA:56,3,0,0
BRDA:56,3,1,0
BRDA:56,4,0,0
BRDA:56,4,1,0
BRDA:71,5,0,0
BRDA:71,5,1,0
BRDA:97,6,0,0
BRDA:97,6,1,0
BRDA:108,7,0,0
BRDA:108,7,1,0
BRDA:117,8,0,0
BRDA:117,8,1,0
BRDA:135,9,0,0
BRDA:135,9,1,0
BRDA:153,10,0,0
BRDA:153,10,1,0
BRDA:158,11,0,0
BRDA:158,11,1,0
BRDA:162,12,0,0
BRDA:162,12,1,0
BRDA:163,13,0,0
BRDA:163,13,1,0
BRDA:189,14,0,0
BRDA:189,14,1,0
BRDA:189,15,0,0
BRDA:189,15,1,0
BRDA:192,16,0,0
BRDA:192,16,1,0
BRDA:199,17,0,0
BRDA:199,17,1,0
BRDA:199,18,0,0
BRDA:199,18,1,0
BRDA:203,19,0,0
BRDA:203,19,1,0
BRDA:203,20,0,0
BRDA:203,20,1,0
BRDA:203,20,2,0
BRDA:214,21,0,0
BRDA:214,21,1,0
BRDA:214,22,0,0
BRDA:214,22,1,0
BRDA:217,23,0,0
BRDA:217,23,1,0
BRDA:218,24,0,0
BRDA:218,24,1,0
BRDA:218,24,2,0
BRDA:236,25,0,0
BRDA:236,25,1,0
BRDA:243,26,0,0
BRDA:243,26,1,0
BRDA:246,27,0,0
BRDA:246,27,1,0
BRDA:247,28,0,0
BRDA:247,28,1,0
BRDA:260,29,0,0
BRDA:260,29,1,0
BRDA:260,30,0,0
BRDA:260,30,1,0
BRDA:265,31,0,0
BRDA:265,31,1,0
BRDA:272,32,0,0
BRDA:272,32,1,0
BRDA:279,33,0,0
BRDA:279,33,1,0
BRDA:282,34,0,0
BRDA:282,34,1,0
BRDA:282,35,0,0
BRDA:282,35,1,0
BRDA:290,36,0,0
BRDA:290,36,1,0
BRDA:291,37,0,0
BRDA:291,37,1,0
BRDA:315,38,0,0
BRDA:315,38,1,0
BRDA:315,39,0,0
BRDA:315,39,1,0
BRDA:319,40,0,0
BRDA:319,40,1,0
BRDA:325,41,0,0
BRDA:325,41,1,0
BRDA:332,42,0,0
BRDA:332,42,1,0
BRDA:335,43,0,0
BRDA:335,43,1,0
BRDA:335,44,0,0
BRDA:335,44,1,0
BRDA:345,45,0,0
BRDA:345,45,1,0
BRF:94
BRH:0
end_of_record
TN:
SF:src/js/modules/icons.js
FNF:0
FNH:0
DA:5,0
LF:1
LH:0
BRF:0
BRH:0
end_of_record
